2018-09-28 10:18:13,505 => DEBUG NoidaAuthority.PMS.Common.Logger.LogService.LogDebug():46 - Executing Action: Register on Controller: Account For User : .
2018-09-28 10:18:13,573 => DEBUG NoidaAuthority.PMS.Common.Logger.LogService.LogDebug():46 - Executed Action: Register on Controller: Account For User : .
2018-09-28 10:18:37,441 => DEBUG NoidaAuthority.PMS.Common.Logger.LogService.LogDebug():46 - Executing Action: Register on Controller: Account For User : .
2018-09-28 10:18:37,443 => DEBUG NoidaAuthority.PMS.Common.Logger.LogService.LogDebug():46 - Executed Action: Register on Controller: Account For User : .
2018-09-28 10:19:04,156 => DEBUG NoidaAuthority.PMS.Common.Logger.LogService.LogDebug():46 - Executing Action: Register on Controller: Account For User : .
2018-09-28 10:19:04,161 => DEBUG NoidaAuthority.PMS.Common.Logger.LogService.LogDebug():46 - Executed Action: Register on Controller: Account For User : .
2018-09-28 10:22:30,714 => DEBUG NoidaAuthority.PMS.Common.Logger.LogService.LogDebug():46 - Executing Action: Register on Controller: Account For User : .
2018-09-28 10:22:30,715 => DEBUG NoidaAuthority.PMS.Common.Logger.LogService.LogDebug():46 - Executed Action: Register on Controller: Account For User : .
2018-09-28 10:54:10,325 => DEBUG NoidaAuthority.PMS.Common.Logger.LogService.LogDebug():46 - Executing Action: Register on Controller: Account For User : .
2018-09-28 10:54:10,326 => DEBUG NoidaAuthority.PMS.Common.Logger.LogService.LogDebug():46 - Executed Action: Register on Controller: Account For User : .
2018-09-28 10:57:25,965 => DEBUG NoidaAuthority.PMS.Common.Logger.LogService.LogDebug():46 - Executing Action: Register on Controller: Account For User : .
2018-09-28 10:57:25,967 => DEBUG NoidaAuthority.PMS.Common.Logger.LogService.LogDebug():46 - Executed Action: Register on Controller: Account For User : .
2018-09-28 11:00:05,886 => DEBUG NoidaAuthority.PMS.Common.Logger.LogService.LogDebug():46 - Executing Action: Register on Controller: Account For User : .
2018-09-28 11:00:05,888 => DEBUG NoidaAuthority.PMS.Common.Logger.LogService.LogDebug():46 - Executed Action: Register on Controller: Account For User : .
2018-09-28 11:00:51,629 => DEBUG NoidaAuthority.PMS.Common.Logger.LogService.LogDebug():46 - Executing Action: Register on Controller: Account For User : .
2018-09-28 11:00:51,631 => DEBUG NoidaAuthority.PMS.Common.Logger.LogService.LogDebug():46 - Executed Action: Register on Controller: Account For User : .
2018-09-28 11:03:13,421 => DEBUG NoidaAuthority.PMS.Common.Logger.LogService.LogDebug():46 - Executing Action: Register on Controller: Account For User : .
2018-09-28 11:03:13,422 => DEBUG NoidaAuthority.PMS.Common.Logger.LogService.LogDebug():46 - Executed Action: Register on Controller: Account For User : .
2018-09-28 11:08:33,435 => DEBUG NoidaAuthority.PMS.Common.Logger.LogService.LogDebug():46 - Executing Action: Register on Controller: Account For User : .
2018-09-28 11:08:33,436 => DEBUG NoidaAuthority.PMS.Common.Logger.LogService.LogDebug():46 - Executed Action: Register on Controller: Account For User : .
2018-09-28 11:08:35,289 => DEBUG NoidaAuthority.PMS.Common.Logger.LogService.LogDebug():46 - Executing Action: Register on Controller: Account For User : .
2018-09-28 11:08:35,290 => DEBUG NoidaAuthority.PMS.Common.Logger.LogService.LogDebug():46 - Executed Action: Register on Controller: Account For User : .
2018-09-28 11:10:33,530 => DEBUG NoidaAuthority.PMS.Common.Logger.LogService.LogDebug():46 - Executing Action: Register on Controller: Account For User : .
2018-09-28 11:10:33,530 => DEBUG NoidaAuthority.PMS.Common.Logger.LogService.LogDebug():46 - Executed Action: Register on Controller: Account For User : .
2018-09-28 11:11:00,578 => DEBUG NoidaAuthority.PMS.Common.Logger.LogService.LogDebug():46 - Executing Action: Register on Controller: Account For User : .
2018-09-28 11:11:00,582 => DEBUG NoidaAuthority.PMS.Common.Logger.LogService.LogDebug():46 - Executed Action: Register on Controller: Account For User : .
2018-09-28 11:11:18,172 => DEBUG NoidaAuthority.PMS.Common.Logger.LogService.LogDebug():46 - Executing Action: Register on Controller: Account For User : .
2018-09-28 11:11:18,173 => DEBUG NoidaAuthority.PMS.Common.Logger.LogService.LogDebug():46 - Executed Action: Register on Controller: Account For User : .
2018-09-28 11:13:15,314 => DEBUG NoidaAuthority.PMS.Common.Logger.LogService.LogDebug():46 - Executing Action: Register on Controller: Account For User : .
2018-09-28 11:13:15,393 => DEBUG NoidaAuthority.PMS.Common.Logger.LogService.LogDebug():46 - Executed Action: Register on Controller: Account For User : .
2018-09-28 11:14:01,521 => DEBUG NoidaAuthority.PMS.Common.Logger.LogService.LogDebug():46 - Executing Action: Register on Controller: Account For User : .
2018-09-28 11:14:01,524 => DEBUG NoidaAuthority.PMS.Common.Logger.LogService.LogDebug():46 - Executed Action: Register on Controller: Account For User : .
2018-09-28 11:18:46,782 => DEBUG NoidaAuthority.PMS.Common.Logger.LogService.LogDebug():46 - Executing Action: Register on Controller: Account For User : .
2018-09-28 11:18:46,782 => DEBUG NoidaAuthority.PMS.Common.Logger.LogService.LogDebug():46 - Executed Action: Register on Controller: Account For User : .
2018-09-28 11:22:40,022 => DEBUG NoidaAuthority.PMS.Common.Logger.LogService.LogDebug():46 - Executing Action: Register on Controller: Account For User : .
2018-09-28 11:22:40,024 => DEBUG NoidaAuthority.PMS.Common.Logger.LogService.LogDebug():46 - Executed Action: Register on Controller: Account For User : .
2018-09-28 11:23:05,534 => DEBUG NoidaAuthority.PMS.Common.Logger.LogService.LogDebug():46 - Executing Action: Register on Controller: Account For User : .
2018-09-28 11:23:05,536 => DEBUG NoidaAuthority.PMS.Common.Logger.LogService.LogDebug():46 - Executed Action: Register on Controller: Account For User : .
2018-09-28 11:23:15,369 => DEBUG NoidaAuthority.PMS.Common.Logger.LogService.LogDebug():46 - Executing Action: login on Controller: Account For User : .
2018-09-28 11:23:15,679 => DEBUG NoidaAuthority.PMS.Common.Logger.LogService.LogDebug():46 - Executed Action: login on Controller: Account For User : .
2018-09-28 11:23:41,848 => DEBUG NoidaAuthority.PMS.Common.Logger.LogService.LogDebug():46 - Executing Action: AddEditNACustomer on Controller: ManageUsers For User : .
2018-09-28 11:23:42,052 => DEBUG NoidaAuthority.PMS.Common.Logger.LogService.LogDebug():46 - Executed Action: AddEditNACustomer on Controller: ManageUsers For User : .
2018-09-28 11:24:00,989 => DEBUG NoidaAuthority.PMS.Common.Logger.LogService.LogDebug():46 - Executing Action: Register on Controller: Account For User : .
2018-09-28 11:24:00,991 => DEBUG NoidaAuthority.PMS.Common.Logger.LogService.LogDebug():46 - Executed Action: Register on Controller: Account For User : .
2018-09-28 11:24:02,020 => DEBUG NoidaAuthority.PMS.Common.Logger.LogService.LogDebug():46 - Executing Action: login on Controller: Account For User : .
2018-09-28 11:24:02,020 => DEBUG NoidaAuthority.PMS.Common.Logger.LogService.LogDebug():46 - Executed Action: login on Controller: Account For User : .
2018-09-28 11:24:11,848 => DEBUG NoidaAuthority.PMS.Common.Logger.LogService.LogDebug():46 - Executing Action: Register on Controller: Account For User : .
2018-09-28 11:24:11,850 => DEBUG NoidaAuthority.PMS.Common.Logger.LogService.LogDebug():46 - Executed Action: Register on Controller: Account For User : .
2018-09-28 11:24:13,080 => DEBUG NoidaAuthority.PMS.Common.Logger.LogService.LogDebug():46 - Executing Action: login on Controller: Account For User : .
2018-09-28 11:24:13,081 => DEBUG NoidaAuthority.PMS.Common.Logger.LogService.LogDebug():46 - Executed Action: login on Controller: Account For User : .
2018-09-28 11:24:41,747 => DEBUG NoidaAuthority.PMS.Common.Logger.LogService.LogDebug():46 - Executing Action: Register on Controller: Account For User : .
2018-09-28 11:24:41,749 => DEBUG NoidaAuthority.PMS.Common.Logger.LogService.LogDebug():46 - Executed Action: Register on Controller: Account For User : .
2018-09-28 11:24:42,782 => DEBUG NoidaAuthority.PMS.Common.Logger.LogService.LogDebug():46 - Executing Action: login on Controller: Account For User : .
2018-09-28 11:24:42,783 => DEBUG NoidaAuthority.PMS.Common.Logger.LogService.LogDebug():46 - Executed Action: login on Controller: Account For User : .
2018-09-28 11:29:07,790 => DEBUG NoidaAuthority.PMS.Common.Logger.LogService.LogDebug():46 - Executing Action: Register on Controller: Account For User : .
2018-09-28 11:29:07,792 => DEBUG NoidaAuthority.PMS.Common.Logger.LogService.LogDebug():46 - Executed Action: Register on Controller: Account For User : .
2018-09-28 11:29:08,844 => DEBUG NoidaAuthority.PMS.Common.Logger.LogService.LogDebug():46 - Executing Action: login on Controller: Account For User : .
2018-09-28 11:29:08,845 => DEBUG NoidaAuthority.PMS.Common.Logger.LogService.LogDebug():46 - Executed Action: login on Controller: Account For User : .
2018-09-28 11:29:15,184 => DEBUG NoidaAuthority.PMS.Common.Logger.LogService.LogDebug():46 - Executing Action: AddEditNACustomer on Controller: ManageUsers For User : .
2018-09-28 11:29:15,185 => DEBUG NoidaAuthority.PMS.Common.Logger.LogService.LogDebug():46 - Executed Action: AddEditNACustomer on Controller: ManageUsers For User : .
2018-09-28 11:29:29,894 => DEBUG NoidaAuthority.PMS.Common.Logger.LogService.LogDebug():46 - Executing Action: Register on Controller: Account For User : .
2018-09-28 11:29:29,895 => DEBUG NoidaAuthority.PMS.Common.Logger.LogService.LogDebug():46 - Executed Action: Register on Controller: Account For User : .
2018-09-28 11:29:30,909 => DEBUG NoidaAuthority.PMS.Common.Logger.LogService.LogDebug():46 - Executing Action: login on Controller: Account For User : .
2018-09-28 11:29:30,910 => DEBUG NoidaAuthority.PMS.Common.Logger.LogService.LogDebug():46 - Executed Action: login on Controller: Account For User : .
2018-09-28 22:09:58,181 => DEBUG NoidaAuthority.PMS.Common.Logger.LogService.LogDebug():46 - Executing Action: Register on Controller: Account For User : .
2018-09-28 22:09:58,245 => DEBUG NoidaAuthority.PMS.Common.Logger.LogService.LogDebug():46 - Executed Action: Register on Controller: Account For User : .
2018-09-28 22:10:06,810 => DEBUG NoidaAuthority.PMS.Common.Logger.LogService.LogDebug():46 - Executing Action: login on Controller: Account For User : .
2018-09-28 22:10:07,090 => DEBUG NoidaAuthority.PMS.Common.Logger.LogService.LogDebug():46 - Executed Action: login on Controller: Account For User : .
2018-09-28 22:11:59,198 => DEBUG NoidaAuthority.PMS.Common.Logger.LogService.LogDebug():46 - Executing Action: Register on Controller: Account For User : .
2018-09-28 22:11:59,198 => DEBUG NoidaAuthority.PMS.Common.Logger.LogService.LogDebug():46 - Executed Action: Register on Controller: Account For User : .
2018-09-28 22:12:00,438 => DEBUG NoidaAuthority.PMS.Common.Logger.LogService.LogDebug():46 - Executing Action: login on Controller: Account For User : .
2018-09-28 22:12:00,438 => DEBUG NoidaAuthority.PMS.Common.Logger.LogService.LogDebug():46 - Executed Action: login on Controller: Account For User : .
2018-09-28 22:12:18,804 => DEBUG NoidaAuthority.PMS.Common.Logger.LogService.LogDebug():46 - Executing Action: Register on Controller: Account For User : .
2018-09-28 22:12:18,808 => DEBUG NoidaAuthority.PMS.Common.Logger.LogService.LogDebug():46 - Executed Action: Register on Controller: Account For User : .
2018-09-28 22:12:20,257 => DEBUG NoidaAuthority.PMS.Common.Logger.LogService.LogDebug():46 - Executing Action: login on Controller: Account For User : .
2018-09-28 22:12:20,261 => DEBUG NoidaAuthority.PMS.Common.Logger.LogService.LogDebug():46 - Executed Action: login on Controller: Account For User : .
2018-09-28 22:13:10,581 => DEBUG NoidaAuthority.PMS.Common.Logger.LogService.LogDebug():46 - Executing Action: login on Controller: Account For User : .
2018-09-28 22:13:10,581 => DEBUG NoidaAuthority.PMS.Common.Logger.LogService.LogDebug():46 - Executed Action: login on Controller: Account For User : .
2018-09-28 22:13:20,278 => DEBUG NoidaAuthority.PMS.Common.Logger.LogService.LogDebug():46 - Executing Action: Register on Controller: Account For User : .
2018-09-28 22:13:20,282 => DEBUG NoidaAuthority.PMS.Common.Logger.LogService.LogDebug():46 - Executed Action: Register on Controller: Account For User : .
2018-09-28 22:13:21,516 => DEBUG NoidaAuthority.PMS.Common.Logger.LogService.LogDebug():46 - Executing Action: login on Controller: Account For User : .
2018-09-28 22:13:21,517 => DEBUG NoidaAuthority.PMS.Common.Logger.LogService.LogDebug():46 - Executed Action: login on Controller: Account For User : .
2018-09-28 22:13:26,874 => DEBUG NoidaAuthority.PMS.Common.Logger.LogService.LogDebug():46 - Executing Action: AddEditNACustomer on Controller: ManageUsers For User : .
2018-09-28 22:13:27,158 => DEBUG NoidaAuthority.PMS.Common.Logger.LogService.LogDebug():46 - Executed Action: AddEditNACustomer on Controller: ManageUsers For User : .
2018-09-28 22:13:51,496 => DEBUG NoidaAuthority.PMS.Common.Logger.LogService.LogDebug():46 - Executing Action: Register on Controller: Account For User : .
2018-09-28 22:13:51,496 => DEBUG NoidaAuthority.PMS.Common.Logger.LogService.LogDebug():46 - Executed Action: Register on Controller: Account For User : .
2018-09-28 22:13:52,694 => DEBUG NoidaAuthority.PMS.Common.Logger.LogService.LogDebug():46 - Executing Action: login on Controller: Account For User : .
2018-09-28 22:13:52,694 => DEBUG NoidaAuthority.PMS.Common.Logger.LogService.LogDebug():46 - Executed Action: login on Controller: Account For User : .
2018-09-28 22:15:46,591 => DEBUG NoidaAuthority.PMS.Common.Logger.LogService.LogDebug():46 - Executing Action: Register on Controller: Account For User : .
2018-09-28 22:15:46,592 => DEBUG NoidaAuthority.PMS.Common.Logger.LogService.LogDebug():46 - Executed Action: Register on Controller: Account For User : .
2018-09-28 22:15:47,836 => DEBUG NoidaAuthority.PMS.Common.Logger.LogService.LogDebug():46 - Executing Action: login on Controller: Account For User : .
2018-09-28 22:15:47,836 => DEBUG NoidaAuthority.PMS.Common.Logger.LogService.LogDebug():46 - Executed Action: login on Controller: Account For User : .
2018-09-28 22:18:25,939 => DEBUG NoidaAuthority.PMS.Common.Logger.LogService.LogDebug():46 - Executing Action: Register on Controller: Account For User : .
2018-09-28 22:19:05,147 => DEBUG NoidaAuthority.PMS.Common.Logger.LogService.LogDebug():46 - Executed Action: Register on Controller: Account For User : .
2018-09-28 22:21:07,194 => DEBUG NoidaAuthority.PMS.Common.Logger.LogService.LogDebug():46 - Executing Action: login on Controller: Account For User : .
2018-09-28 22:21:21,903 => DEBUG NoidaAuthority.PMS.Common.Logger.LogService.LogDebug():46 - Executed Action: login on Controller: Account For User : .
2018-09-28 22:22:33,860 => DEBUG NoidaAuthority.PMS.Common.Logger.LogService.LogDebug():46 - Executing Action: login on Controller: Account For User : .
2018-09-28 22:22:33,860 => DEBUG NoidaAuthority.PMS.Common.Logger.LogService.LogDebug():46 - Executed Action: login on Controller: Account For User : .
2018-09-28 22:22:47,309 => DEBUG NoidaAuthority.PMS.Common.Logger.LogService.LogDebug():46 - Executing Action: Register on Controller: Account For User : .
2018-09-28 22:22:47,333 => DEBUG NoidaAuthority.PMS.Common.Logger.LogService.LogDebug():46 - Executed Action: Register on Controller: Account For User : .
2018-09-28 22:23:52,068 => DEBUG NoidaAuthority.PMS.Common.Logger.LogService.LogDebug():46 - Executing Action: Register on Controller: Account For User : .
2018-09-28 22:23:52,072 => DEBUG NoidaAuthority.PMS.Common.Logger.LogService.LogDebug():46 - Executed Action: Register on Controller: Account For User : .
2018-09-28 22:24:06,733 => DEBUG NoidaAuthority.PMS.Common.Logger.LogService.LogDebug():46 - Executing Action: CheckRegistationIDForNAcustomer on Controller: ManageUsers For User : .
2018-09-28 22:24:25,518 => DEBUG NoidaAuthority.PMS.Common.Logger.LogService.LogDebug():46 - Executed Action: CheckRegistationIDForNAcustomer on Controller: ManageUsers For User : .
2018-09-28 22:26:07,794 => DEBUG NoidaAuthority.PMS.Common.Logger.LogService.LogDebug():46 - Executing Action: Register on Controller: Account For User : .
2018-09-28 22:26:07,794 => DEBUG NoidaAuthority.PMS.Common.Logger.LogService.LogDebug():46 - Executed Action: Register on Controller: Account For User : .
2018-09-28 22:26:14,174 => DEBUG NoidaAuthority.PMS.Common.Logger.LogService.LogDebug():46 - Executing Action: GetSecurityQuestionList on Controller: Account For User : .
2018-09-28 22:26:14,186 => DEBUG NoidaAuthority.PMS.Common.Logger.LogService.LogDebug():46 - Executed Action: GetSecurityQuestionList on Controller: Account For User : .
2018-09-28 22:29:49,207 => DEBUG NoidaAuthority.PMS.Common.Logger.LogService.LogDebug():46 - Executing Action: Register on Controller: Account For User : .
2018-09-28 22:29:49,207 => DEBUG NoidaAuthority.PMS.Common.Logger.LogService.LogDebug():46 - Executed Action: Register on Controller: Account For User : .
2018-09-28 22:29:56,836 => DEBUG NoidaAuthority.PMS.Common.Logger.LogService.LogDebug():46 - Executing Action: GetSecurityQuestionList on Controller: Account For User : .
2018-09-28 22:29:56,836 => DEBUG NoidaAuthority.PMS.Common.Logger.LogService.LogDebug():46 - Executed Action: GetSecurityQuestionList on Controller: Account For User : .
2018-09-28 22:31:18,703 => DEBUG NoidaAuthority.PMS.Common.Logger.LogService.LogDebug():46 - Executing Action: Register on Controller: Account For User : .
2018-09-28 22:31:18,703 => DEBUG NoidaAuthority.PMS.Common.Logger.LogService.LogDebug():46 - Executed Action: Register on Controller: Account For User : .
2018-09-28 22:31:25,314 => DEBUG NoidaAuthority.PMS.Common.Logger.LogService.LogDebug():46 - Executing Action: GetSecurityQuestionList on Controller: Account For User : .
2018-09-28 22:31:25,314 => DEBUG NoidaAuthority.PMS.Common.Logger.LogService.LogDebug():46 - Executed Action: GetSecurityQuestionList on Controller: Account For User : .
2018-09-28 22:31:46,460 => DEBUG NoidaAuthority.PMS.Common.Logger.LogService.LogDebug():46 - Executing Action: Register on Controller: Account For User : .
2018-09-28 22:31:46,460 => DEBUG NoidaAuthority.PMS.Common.Logger.LogService.LogDebug():46 - Executed Action: Register on Controller: Account For User : .
2018-09-28 22:31:52,799 => DEBUG NoidaAuthority.PMS.Common.Logger.LogService.LogDebug():46 - Executing Action: GetSecurityQuestionList on Controller: Account For User : .
2018-09-28 22:31:52,799 => DEBUG NoidaAuthority.PMS.Common.Logger.LogService.LogDebug():46 - Executed Action: GetSecurityQuestionList on Controller: Account For User : .
2018-09-28 22:32:08,915 => DEBUG NoidaAuthority.PMS.Common.Logger.LogService.LogDebug():46 - Executing Action: Register on Controller: Account For User : .
2018-09-28 22:32:08,915 => DEBUG NoidaAuthority.PMS.Common.Logger.LogService.LogDebug():46 - Executed Action: Register on Controller: Account For User : .
2018-09-28 22:32:15,074 => DEBUG NoidaAuthority.PMS.Common.Logger.LogService.LogDebug():46 - Executing Action: GetSecurityQuestionList on Controller: Account For User : .
2018-09-28 22:32:15,074 => DEBUG NoidaAuthority.PMS.Common.Logger.LogService.LogDebug():46 - Executed Action: GetSecurityQuestionList on Controller: Account For User : .
2018-09-28 22:32:41,828 => DEBUG NoidaAuthority.PMS.Common.Logger.LogService.LogDebug():46 - Executing Action: Register on Controller: Account For User : .
2018-09-28 22:32:41,832 => DEBUG NoidaAuthority.PMS.Common.Logger.LogService.LogDebug():46 - Executed Action: Register on Controller: Account For User : .
2018-09-28 22:32:48,048 => DEBUG NoidaAuthority.PMS.Common.Logger.LogService.LogDebug():46 - Executing Action: GetSecurityQuestionList on Controller: Account For User : .
2018-09-28 22:32:48,052 => DEBUG NoidaAuthority.PMS.Common.Logger.LogService.LogDebug():46 - Executed Action: GetSecurityQuestionList on Controller: Account For User : .
2018-09-28 22:33:19,092 => DEBUG NoidaAuthority.PMS.Common.Logger.LogService.LogDebug():46 - Executing Action: Register on Controller: Account For User : .
2018-09-28 22:33:19,096 => DEBUG NoidaAuthority.PMS.Common.Logger.LogService.LogDebug():46 - Executed Action: Register on Controller: Account For User : .
2018-09-28 22:33:25,300 => DEBUG NoidaAuthority.PMS.Common.Logger.LogService.LogDebug():46 - Executing Action: GetSecurityQuestionList on Controller: Account For User : .
2018-09-28 22:33:25,300 => DEBUG NoidaAuthority.PMS.Common.Logger.LogService.LogDebug():46 - Executed Action: GetSecurityQuestionList on Controller: Account For User : .
2018-09-28 22:33:53,318 => DEBUG NoidaAuthority.PMS.Common.Logger.LogService.LogDebug():46 - Executing Action: Register on Controller: Account For User : .
2018-09-28 22:33:53,322 => DEBUG NoidaAuthority.PMS.Common.Logger.LogService.LogDebug():46 - Executed Action: Register on Controller: Account For User : .
2018-09-28 22:34:07,630 => DEBUG NoidaAuthority.PMS.Common.Logger.LogService.LogDebug():46 - Executing Action: GetSecurityQuestionList on Controller: Account For User : .
2018-09-28 22:34:07,631 => DEBUG NoidaAuthority.PMS.Common.Logger.LogService.LogDebug():46 - Executed Action: GetSecurityQuestionList on Controller: Account For User : .
2018-09-28 22:34:53,185 => DEBUG NoidaAuthority.PMS.Common.Logger.LogService.LogDebug():46 - Executing Action: Register on Controller: Account For User : .
2018-09-28 22:34:53,189 => DEBUG NoidaAuthority.PMS.Common.Logger.LogService.LogDebug():46 - Executed Action: Register on Controller: Account For User : .
2018-09-28 22:35:00,081 => DEBUG NoidaAuthority.PMS.Common.Logger.LogService.LogDebug():46 - Executing Action: GetSecurityQuestionList on Controller: Account For User : .
2018-09-28 22:35:00,085 => DEBUG NoidaAuthority.PMS.Common.Logger.LogService.LogDebug():46 - Executed Action: GetSecurityQuestionList on Controller: Account For User : .
2018-09-28 22:35:53,138 => DEBUG NoidaAuthority.PMS.Common.Logger.LogService.LogDebug():46 - Executing Action: Register on Controller: Account For User : .
2018-09-28 22:35:53,142 => DEBUG NoidaAuthority.PMS.Common.Logger.LogService.LogDebug():46 - Executed Action: Register on Controller: Account For User : .
2018-09-28 22:36:08,014 => DEBUG NoidaAuthority.PMS.Common.Logger.LogService.LogDebug():46 - Executing Action: GetSecurityQuestionList on Controller: Account For User : .
2018-09-28 22:36:08,014 => DEBUG NoidaAuthority.PMS.Common.Logger.LogService.LogDebug():46 - Executed Action: GetSecurityQuestionList on Controller: Account For User : .
2018-09-28 22:37:18,288 => DEBUG NoidaAuthority.PMS.Common.Logger.LogService.LogDebug():46 - Executing Action: Register on Controller: Account For User : .
2018-09-28 22:37:18,292 => DEBUG NoidaAuthority.PMS.Common.Logger.LogService.LogDebug():46 - Executed Action: Register on Controller: Account For User : .
2018-09-28 22:37:24,942 => DEBUG NoidaAuthority.PMS.Common.Logger.LogService.LogDebug():46 - Executing Action: GetSecurityQuestionList on Controller: Account For User : .
2018-09-28 22:37:24,946 => DEBUG NoidaAuthority.PMS.Common.Logger.LogService.LogDebug():46 - Executed Action: GetSecurityQuestionList on Controller: Account For User : .
2018-09-28 22:38:39,523 => DEBUG NoidaAuthority.PMS.Common.Logger.LogService.LogDebug():46 - Executing Action: Register on Controller: Account For User : .
2018-09-28 22:38:39,523 => DEBUG NoidaAuthority.PMS.Common.Logger.LogService.LogDebug():46 - Executed Action: Register on Controller: Account For User : .
2018-09-28 22:38:45,598 => DEBUG NoidaAuthority.PMS.Common.Logger.LogService.LogDebug():46 - Executing Action: GetSecurityQuestionList on Controller: Account For User : .
2018-09-28 22:38:45,598 => DEBUG NoidaAuthority.PMS.Common.Logger.LogService.LogDebug():46 - Executed Action: GetSecurityQuestionList on Controller: Account For User : .
2018-09-28 22:39:01,542 => DEBUG NoidaAuthority.PMS.Common.Logger.LogService.LogDebug():46 - Executing Action: Register on Controller: Account For User : .
2018-09-28 22:39:01,545 => DEBUG NoidaAuthority.PMS.Common.Logger.LogService.LogDebug():46 - Executed Action: Register on Controller: Account For User : .
2018-09-28 22:39:11,359 => DEBUG NoidaAuthority.PMS.Common.Logger.LogService.LogDebug():46 - Executing Action: GetSecurityQuestionList on Controller: Account For User : .
2018-09-28 22:39:11,359 => DEBUG NoidaAuthority.PMS.Common.Logger.LogService.LogDebug():46 - Executed Action: GetSecurityQuestionList on Controller: Account For User : .
2018-09-28 22:40:26,330 => DEBUG NoidaAuthority.PMS.Common.Logger.LogService.LogDebug():46 - Executing Action: Register on Controller: Account For User : .
2018-09-28 22:40:26,374 => DEBUG NoidaAuthority.PMS.Common.Logger.LogService.LogDebug():46 - Executed Action: Register on Controller: Account For User : .
2018-09-28 22:40:37,531 => DEBUG NoidaAuthority.PMS.Common.Logger.LogService.LogDebug():46 - Executing Action: GetSecurityQuestionList on Controller: Account For User : .
2018-09-28 22:40:37,544 => DEBUG NoidaAuthority.PMS.Common.Logger.LogService.LogDebug():46 - Executed Action: GetSecurityQuestionList on Controller: Account For User : .
2018-09-28 22:41:22,475 => DEBUG NoidaAuthority.PMS.Common.Logger.LogService.LogDebug():46 - Executing Action: Register on Controller: Account For User : .
2018-09-28 22:41:22,479 => DEBUG NoidaAuthority.PMS.Common.Logger.LogService.LogDebug():46 - Executed Action: Register on Controller: Account For User : .
2018-09-28 22:41:30,214 => DEBUG NoidaAuthority.PMS.Common.Logger.LogService.LogDebug():46 - Executing Action: GetSecurityQuestionList on Controller: Account For User : .
2018-09-28 22:41:30,214 => DEBUG NoidaAuthority.PMS.Common.Logger.LogService.LogDebug():46 - Executed Action: GetSecurityQuestionList on Controller: Account For User : .
2018-09-28 23:15:15,742 => DEBUG NoidaAuthority.PMS.Common.Logger.LogService.LogDebug():46 - Executing Action: CheckRegistationIDForNAcustomer on Controller: ManageUsers For User : .
2018-09-28 23:15:22,064 => DEBUG NoidaAuthority.PMS.Common.Logger.LogService.LogDebug():46 - Executed Action: CheckRegistationIDForNAcustomer on Controller: ManageUsers For User : .
2018-09-28 23:16:00,278 => DEBUG NoidaAuthority.PMS.Common.Logger.LogService.LogDebug():46 - Executing Action: Register on Controller: Account For User : .
2018-09-28 23:16:00,282 => DEBUG NoidaAuthority.PMS.Common.Logger.LogService.LogDebug():46 - Executed Action: Register on Controller: Account For User : .
2018-09-28 23:16:07,413 => DEBUG NoidaAuthority.PMS.Common.Logger.LogService.LogDebug():46 - Executing Action: GetSecurityQuestionList on Controller: Account For User : .
2018-09-28 23:16:07,415 => DEBUG NoidaAuthority.PMS.Common.Logger.LogService.LogDebug():46 - Executed Action: GetSecurityQuestionList on Controller: Account For User : .
2018-09-28 23:18:01,570 => DEBUG NoidaAuthority.PMS.Common.Logger.LogService.LogDebug():46 - Executing Action: Register on Controller: Account For User : .
2018-09-28 23:18:01,574 => DEBUG NoidaAuthority.PMS.Common.Logger.LogService.LogDebug():46 - Executed Action: Register on Controller: Account For User : .
2018-09-28 23:18:04,896 => DEBUG NoidaAuthority.PMS.Common.Logger.LogService.LogDebug():46 - Executing Action: GetSecurityQuestionList on Controller: Account For User : .
2018-09-28 23:18:04,896 => DEBUG NoidaAuthority.PMS.Common.Logger.LogService.LogDebug():46 - Executed Action: GetSecurityQuestionList on Controller: Account For User : .
2018-09-28 23:18:41,140 => DEBUG NoidaAuthority.PMS.Common.Logger.LogService.LogDebug():46 - Executing Action: Register on Controller: Account For User : .
2018-09-28 23:18:41,144 => DEBUG NoidaAuthority.PMS.Common.Logger.LogService.LogDebug():46 - Executed Action: Register on Controller: Account For User : .
2018-09-28 23:18:49,252 => DEBUG NoidaAuthority.PMS.Common.Logger.LogService.LogDebug():46 - Executing Action: GetSecurityQuestionList on Controller: Account For User : .
2018-09-28 23:18:49,252 => DEBUG NoidaAuthority.PMS.Common.Logger.LogService.LogDebug():46 - Executed Action: GetSecurityQuestionList on Controller: Account For User : .
2018-09-28 23:19:24,313 => DEBUG NoidaAuthority.PMS.Common.Logger.LogService.LogDebug():46 - Executing Action: Register on Controller: Account For User : .
2018-09-28 23:19:24,345 => DEBUG NoidaAuthority.PMS.Common.Logger.LogService.LogDebug():46 - Executed Action: Register on Controller: Account For User : .
2018-09-28 23:19:31,996 => DEBUG NoidaAuthority.PMS.Common.Logger.LogService.LogDebug():46 - Executing Action: GetSecurityQuestionList on Controller: Account For User : .
2018-09-28 23:19:32,000 => DEBUG NoidaAuthority.PMS.Common.Logger.LogService.LogDebug():46 - Executed Action: GetSecurityQuestionList on Controller: Account For User : .
2018-09-28 23:20:07,825 => DEBUG NoidaAuthority.PMS.Common.Logger.LogService.LogDebug():46 - Executing Action: Register on Controller: Account For User : .
2018-09-28 23:20:07,825 => DEBUG NoidaAuthority.PMS.Common.Logger.LogService.LogDebug():46 - Executed Action: Register on Controller: Account For User : .
2018-09-28 23:20:15,561 => DEBUG NoidaAuthority.PMS.Common.Logger.LogService.LogDebug():46 - Executing Action: GetSecurityQuestionList on Controller: Account For User : .
2018-09-28 23:20:15,565 => DEBUG NoidaAuthority.PMS.Common.Logger.LogService.LogDebug():46 - Executed Action: GetSecurityQuestionList on Controller: Account For User : .
2018-09-28 23:21:06,572 => DEBUG NoidaAuthority.PMS.Common.Logger.LogService.LogDebug():46 - Executing Action: Register on Controller: Account For User : .
2018-09-28 23:21:06,576 => DEBUG NoidaAuthority.PMS.Common.Logger.LogService.LogDebug():46 - Executed Action: Register on Controller: Account For User : .
2018-09-28 23:21:15,104 => DEBUG NoidaAuthority.PMS.Common.Logger.LogService.LogDebug():46 - Executing Action: GetSecurityQuestionList on Controller: Account For User : .
2018-09-28 23:21:15,105 => DEBUG NoidaAuthority.PMS.Common.Logger.LogService.LogDebug():46 - Executed Action: GetSecurityQuestionList on Controller: Account For User : .
2018-09-28 23:22:44,400 => DEBUG NoidaAuthority.PMS.Common.Logger.LogService.LogDebug():46 - Executing Action: Register on Controller: Account For User : .
2018-09-28 23:22:44,404 => DEBUG NoidaAuthority.PMS.Common.Logger.LogService.LogDebug():46 - Executed Action: Register on Controller: Account For User : .
2018-09-28 23:30:19,646 => DEBUG NoidaAuthority.PMS.Common.Logger.LogService.LogDebug():46 - Executing Action: Register on Controller: Account For User : .
2018-09-28 23:30:19,647 => DEBUG NoidaAuthority.PMS.Common.Logger.LogService.LogDebug():46 - Executed Action: Register on Controller: Account For User : .
2018-09-28 23:30:27,914 => DEBUG NoidaAuthority.PMS.Common.Logger.LogService.LogDebug():46 - Executing Action: GetSecurityQuestionList on Controller: Account For User : .
2018-09-28 23:30:27,918 => DEBUG NoidaAuthority.PMS.Common.Logger.LogService.LogDebug():46 - Executed Action: GetSecurityQuestionList on Controller: Account For User : .
2018-09-28 23:31:09,662 => DEBUG NoidaAuthority.PMS.Common.Logger.LogService.LogDebug():46 - Executing Action: Register on Controller: Account For User : .
2018-09-28 23:31:09,664 => DEBUG NoidaAuthority.PMS.Common.Logger.LogService.LogDebug():46 - Executed Action: Register on Controller: Account For User : .
2018-09-28 23:31:18,139 => DEBUG NoidaAuthority.PMS.Common.Logger.LogService.LogDebug():46 - Executing Action: GetSecurityQuestionList on Controller: Account For User : .
2018-09-28 23:31:18,139 => DEBUG NoidaAuthority.PMS.Common.Logger.LogService.LogDebug():46 - Executed Action: GetSecurityQuestionList on Controller: Account For User : .
2018-09-28 23:31:57,701 => DEBUG NoidaAuthority.PMS.Common.Logger.LogService.LogDebug():46 - Executing Action: Register on Controller: Account For User : .
2018-09-28 23:31:57,701 => DEBUG NoidaAuthority.PMS.Common.Logger.LogService.LogDebug():46 - Executed Action: Register on Controller: Account For User : .
2018-09-28 23:32:05,530 => DEBUG NoidaAuthority.PMS.Common.Logger.LogService.LogDebug():46 - Executing Action: GetSecurityQuestionList on Controller: Account For User : .
2018-09-28 23:32:05,530 => DEBUG NoidaAuthority.PMS.Common.Logger.LogService.LogDebug():46 - Executed Action: GetSecurityQuestionList on Controller: Account For User : .
2018-09-28 23:35:17,645 => DEBUG NoidaAuthority.PMS.Common.Logger.LogService.LogDebug():46 - Executing Action: Register on Controller: Account For User : .
2018-09-28 23:35:17,649 => DEBUG NoidaAuthority.PMS.Common.Logger.LogService.LogDebug():46 - Executed Action: Register on Controller: Account For User : .
2018-09-28 23:35:26,341 => DEBUG NoidaAuthority.PMS.Common.Logger.LogService.LogDebug():46 - Executing Action: GetSecurityQuestionList on Controller: Account For User : .
2018-09-28 23:35:26,345 => DEBUG NoidaAuthority.PMS.Common.Logger.LogService.LogDebug():46 - Executed Action: GetSecurityQuestionList on Controller: Account For User : .
2018-09-28 23:36:00,555 => DEBUG NoidaAuthority.PMS.Common.Logger.LogService.LogDebug():46 - Executing Action: Register on Controller: Account For User : .
2018-09-28 23:36:00,555 => DEBUG NoidaAuthority.PMS.Common.Logger.LogService.LogDebug():46 - Executed Action: Register on Controller: Account For User : .
2018-09-28 23:36:09,205 => DEBUG NoidaAuthority.PMS.Common.Logger.LogService.LogDebug():46 - Executing Action: GetSecurityQuestionList on Controller: Account For User : .
2018-09-28 23:36:09,205 => DEBUG NoidaAuthority.PMS.Common.Logger.LogService.LogDebug():46 - Executed Action: GetSecurityQuestionList on Controller: Account For User : .
2018-09-28 23:40:46,144 => DEBUG NoidaAuthority.PMS.Common.Logger.LogService.LogDebug():46 - Executing Action: Register on Controller: Account For User : .
2018-09-28 23:40:46,148 => DEBUG NoidaAuthority.PMS.Common.Logger.LogService.LogDebug():46 - Executed Action: Register on Controller: Account For User : .
2018-09-28 23:40:53,705 => DEBUG NoidaAuthority.PMS.Common.Logger.LogService.LogDebug():46 - Executing Action: GetSecurityQuestionList on Controller: Account For User : .
2018-09-28 23:40:53,705 => DEBUG NoidaAuthority.PMS.Common.Logger.LogService.LogDebug():46 - Executed Action: GetSecurityQuestionList on Controller: Account For User : .
2018-09-28 23:42:09,753 => DEBUG NoidaAuthority.PMS.Common.Logger.LogService.LogDebug():46 - Executing Action: Register on Controller: Account For User : .
2018-09-28 23:42:09,753 => DEBUG NoidaAuthority.PMS.Common.Logger.LogService.LogDebug():46 - Executed Action: Register on Controller: Account For User : .
2018-09-28 23:42:19,195 => DEBUG NoidaAuthority.PMS.Common.Logger.LogService.LogDebug():46 - Executing Action: GetSecurityQuestionList on Controller: Account For User : .
2018-09-28 23:42:19,200 => DEBUG NoidaAuthority.PMS.Common.Logger.LogService.LogDebug():46 - Executed Action: GetSecurityQuestionList on Controller: Account For User : .
2018-09-28 23:43:08,141 => DEBUG NoidaAuthority.PMS.Common.Logger.LogService.LogDebug():46 - Executing Action: Register on Controller: Account For User : .
2018-09-28 23:43:08,141 => DEBUG NoidaAuthority.PMS.Common.Logger.LogService.LogDebug():46 - Executed Action: Register on Controller: Account For User : .
2018-09-28 23:43:15,226 => DEBUG NoidaAuthority.PMS.Common.Logger.LogService.LogDebug():46 - Executing Action: GetSecurityQuestionList on Controller: Account For User : .
2018-09-28 23:43:15,228 => DEBUG NoidaAuthority.PMS.Common.Logger.LogService.LogDebug():46 - Executed Action: GetSecurityQuestionList on Controller: Account For User : .
2018-09-28 23:45:44,196 => DEBUG NoidaAuthority.PMS.Common.Logger.LogService.LogDebug():46 - Executing Action: CheckRegistationIDForNAcustomer on Controller: ManageUsers For User : .
2018-09-28 23:45:44,417 => DEBUG NoidaAuthority.PMS.Common.Logger.LogService.LogDebug():46 - Executed Action: CheckRegistationIDForNAcustomer on Controller: ManageUsers For User : .
