2018-09-29 09:09:54,126 => DEBUG NoidaAuthority.PMS.Common.Logger.LogService.LogDebug():46 - Executing Action: Register on Controller: Account For User : .
2018-09-29 09:09:54,170 => DEBUG NoidaAuthority.PMS.Common.Logger.LogService.LogDebug():46 - Executed Action: Register on Controller: Account For User : .
2018-09-29 09:10:03,512 => DEBUG NoidaAuthority.PMS.Common.Logger.LogService.LogDebug():46 - Executing Action: GetSecurityQuestionList on Controller: Account For User : .
2018-09-29 09:10:03,523 => DEBUG NoidaAuthority.PMS.Common.Logger.LogService.LogDebug():46 - Executed Action: GetSecurityQuestionList on Controller: Account For User : .
2018-09-29 09:13:10,252 => DEBUG NoidaAuthority.PMS.Common.Logger.LogService.LogDebug():46 - Executing Action: Register on Controller: Account For User : .
2018-09-29 09:13:10,260 => DEBUG NoidaAuthority.PMS.Common.Logger.LogService.LogDebug():46 - Executed Action: Register on Controller: Account For User : .
2018-09-29 09:13:19,658 => DEBUG NoidaAuthority.PMS.Common.Logger.LogService.LogDebug():46 - Executing Action: GetSecurityQuestionList on Controller: Account For User : .
2018-09-29 09:13:19,658 => DEBUG NoidaAuthority.PMS.Common.Logger.LogService.LogDebug():46 - Executed Action: GetSecurityQuestionList on Controller: Account For User : .
2018-09-29 09:32:19,535 => DEBUG NoidaAuthority.PMS.Common.Logger.LogService.LogDebug():46 - Executing Action: Register on Controller: Account For User : .
2018-09-29 09:32:19,571 => DEBUG NoidaAuthority.PMS.Common.Logger.LogService.LogDebug():46 - Executed Action: Register on Controller: Account For User : .
2018-09-29 09:32:35,967 => DEBUG NoidaAuthority.PMS.Common.Logger.LogService.LogDebug():46 - Executing Action: GetSecurityQuestionList on Controller: Account For User : .
2018-09-29 09:32:35,983 => DEBUG NoidaAuthority.PMS.Common.Logger.LogService.LogDebug():46 - Executed Action: GetSecurityQuestionList on Controller: Account For User : .
2018-09-29 09:32:36,598 => DEBUG NoidaAuthority.PMS.Common.Logger.LogService.LogDebug():46 - Executing Action: GetMiscellaneousTypeList on Controller: Account For User : .
2018-09-29 09:32:36,598 => DEBUG NoidaAuthority.PMS.Common.Logger.LogService.LogDebug():46 - Executed Action: GetMiscellaneousTypeList on Controller: Account For User : .
2018-09-29 09:34:08,670 => DEBUG NoidaAuthority.PMS.Common.Logger.LogService.LogDebug():46 - Executing Action: Register on Controller: Account For User : .
2018-09-29 09:34:08,671 => DEBUG NoidaAuthority.PMS.Common.Logger.LogService.LogDebug():46 - Executed Action: Register on Controller: Account For User : .
2018-09-29 09:34:18,046 => DEBUG NoidaAuthority.PMS.Common.Logger.LogService.LogDebug():46 - Executing Action: GetSecurityQuestionList on Controller: Account For User : .
2018-09-29 09:34:18,046 => DEBUG NoidaAuthority.PMS.Common.Logger.LogService.LogDebug():46 - Executed Action: GetSecurityQuestionList on Controller: Account For User : .
2018-09-29 09:34:18,066 => DEBUG NoidaAuthority.PMS.Common.Logger.LogService.LogDebug():46 - Executing Action: GetMiscellaneousTypeList on Controller: Account For User : .
2018-09-29 09:34:18,066 => DEBUG NoidaAuthority.PMS.Common.Logger.LogService.LogDebug():46 - Executed Action: GetMiscellaneousTypeList on Controller: Account For User : .
2018-09-29 09:35:35,429 => DEBUG NoidaAuthority.PMS.Common.Logger.LogService.LogDebug():46 - Executing Action: Register on Controller: Account For User : .
2018-09-29 09:35:35,429 => DEBUG NoidaAuthority.PMS.Common.Logger.LogService.LogDebug():46 - Executed Action: Register on Controller: Account For User : .
2018-09-29 09:35:43,975 => DEBUG NoidaAuthority.PMS.Common.Logger.LogService.LogDebug():46 - Executing Action: GetSecurityQuestionList on Controller: Account For User : .
2018-09-29 09:35:43,975 => DEBUG NoidaAuthority.PMS.Common.Logger.LogService.LogDebug():46 - Executed Action: GetSecurityQuestionList on Controller: Account For User : .
2018-09-29 09:35:43,995 => DEBUG NoidaAuthority.PMS.Common.Logger.LogService.LogDebug():46 - Executing Action: GetMiscellaneousTypeList on Controller: Account For User : .
2018-09-29 09:35:43,995 => DEBUG NoidaAuthority.PMS.Common.Logger.LogService.LogDebug():46 - Executed Action: GetMiscellaneousTypeList on Controller: Account For User : .
2018-09-29 09:35:44,017 => DEBUG NoidaAuthority.PMS.Common.Logger.LogService.LogDebug():46 - Executing Action: GetMiscellaneousTypeList on Controller: Account For User : .
2018-09-29 09:35:44,017 => DEBUG NoidaAuthority.PMS.Common.Logger.LogService.LogDebug():46 - Executed Action: GetMiscellaneousTypeList on Controller: Account For User : .
2018-09-29 09:35:58,443 => DEBUG NoidaAuthority.PMS.Common.Logger.LogService.LogDebug():46 - Executing Action: Register on Controller: Account For User : .
2018-09-29 09:35:58,443 => DEBUG NoidaAuthority.PMS.Common.Logger.LogService.LogDebug():46 - Executed Action: Register on Controller: Account For User : .
2018-09-29 09:36:06,494 => DEBUG NoidaAuthority.PMS.Common.Logger.LogService.LogDebug():46 - Executing Action: GetSecurityQuestionList on Controller: Account For User : .
2018-09-29 09:36:06,494 => DEBUG NoidaAuthority.PMS.Common.Logger.LogService.LogDebug():46 - Executed Action: GetSecurityQuestionList on Controller: Account For User : .
2018-09-29 09:36:06,506 => DEBUG NoidaAuthority.PMS.Common.Logger.LogService.LogDebug():46 - Executing Action: GetMiscellaneousTypeList on Controller: Account For User : .
2018-09-29 09:36:06,510 => DEBUG NoidaAuthority.PMS.Common.Logger.LogService.LogDebug():46 - Executed Action: GetMiscellaneousTypeList on Controller: Account For User : .
2018-09-29 09:36:06,529 => DEBUG NoidaAuthority.PMS.Common.Logger.LogService.LogDebug():46 - Executing Action: GetMiscellaneousTypeList on Controller: Account For User : .
2018-09-29 09:36:06,530 => DEBUG NoidaAuthority.PMS.Common.Logger.LogService.LogDebug():46 - Executed Action: GetMiscellaneousTypeList on Controller: Account For User : .
2018-09-29 09:46:46,453 => DEBUG NoidaAuthority.PMS.Common.Logger.LogService.LogDebug():46 - Executing Action: Register on Controller: Account For User : .
2018-09-29 09:46:46,453 => DEBUG NoidaAuthority.PMS.Common.Logger.LogService.LogDebug():46 - Executed Action: Register on Controller: Account For User : .
2018-09-29 09:46:54,867 => DEBUG NoidaAuthority.PMS.Common.Logger.LogService.LogDebug():46 - Executing Action: GetSecurityQuestionList on Controller: Account For User : .
2018-09-29 09:46:54,867 => DEBUG NoidaAuthority.PMS.Common.Logger.LogService.LogDebug():46 - Executed Action: GetSecurityQuestionList on Controller: Account For User : .
2018-09-29 09:46:54,911 => DEBUG NoidaAuthority.PMS.Common.Logger.LogService.LogDebug():46 - Executing Action: GetMiscellaneousTypeList on Controller: Account For User : .
2018-09-29 09:46:54,911 => DEBUG NoidaAuthority.PMS.Common.Logger.LogService.LogDebug():46 - Executed Action: GetMiscellaneousTypeList on Controller: Account For User : .
2018-09-29 09:46:54,963 => DEBUG NoidaAuthority.PMS.Common.Logger.LogService.LogDebug():46 - Executing Action: GetMiscellaneousTypeList on Controller: Account For User : .
2018-09-29 09:46:54,963 => DEBUG NoidaAuthority.PMS.Common.Logger.LogService.LogDebug():46 - Executed Action: GetMiscellaneousTypeList on Controller: Account For User : .
2018-09-29 09:47:37,383 => DEBUG NoidaAuthority.PMS.Common.Logger.LogService.LogDebug():46 - Executing Action: Register on Controller: Account For User : .
2018-09-29 09:47:37,383 => DEBUG NoidaAuthority.PMS.Common.Logger.LogService.LogDebug():46 - Executed Action: Register on Controller: Account For User : .
2018-09-29 09:47:46,514 => DEBUG NoidaAuthority.PMS.Common.Logger.LogService.LogDebug():46 - Executing Action: GetSecurityQuestionList on Controller: Account For User : .
2018-09-29 09:47:46,514 => DEBUG NoidaAuthority.PMS.Common.Logger.LogService.LogDebug():46 - Executed Action: GetSecurityQuestionList on Controller: Account For User : .
2018-09-29 09:47:46,570 => DEBUG NoidaAuthority.PMS.Common.Logger.LogService.LogDebug():46 - Executing Action: GetMiscellaneousTypeList on Controller: Account For User : .
2018-09-29 09:47:46,570 => DEBUG NoidaAuthority.PMS.Common.Logger.LogService.LogDebug():46 - Executed Action: GetMiscellaneousTypeList on Controller: Account For User : .
2018-09-29 09:47:46,591 => DEBUG NoidaAuthority.PMS.Common.Logger.LogService.LogDebug():46 - Executing Action: GetMiscellaneousTypeList on Controller: Account For User : .
2018-09-29 09:47:46,592 => DEBUG NoidaAuthority.PMS.Common.Logger.LogService.LogDebug():46 - Executed Action: GetMiscellaneousTypeList on Controller: Account For User : .
2018-09-29 09:49:04,820 => DEBUG NoidaAuthority.PMS.Common.Logger.LogService.LogDebug():46 - Executing Action: Register on Controller: Account For User : .
2018-09-29 09:49:04,820 => DEBUG NoidaAuthority.PMS.Common.Logger.LogService.LogDebug():46 - Executed Action: Register on Controller: Account For User : .
2018-09-29 09:49:15,078 => DEBUG NoidaAuthority.PMS.Common.Logger.LogService.LogDebug():46 - Executing Action: GetSecurityQuestionList on Controller: Account For User : .
2018-09-29 09:49:15,082 => DEBUG NoidaAuthority.PMS.Common.Logger.LogService.LogDebug():46 - Executed Action: GetSecurityQuestionList on Controller: Account For User : .
2018-09-29 09:49:15,102 => DEBUG NoidaAuthority.PMS.Common.Logger.LogService.LogDebug():46 - Executing Action: GetMiscellaneousTypeList on Controller: Account For User : .
2018-09-29 09:49:15,102 => DEBUG NoidaAuthority.PMS.Common.Logger.LogService.LogDebug():46 - Executed Action: GetMiscellaneousTypeList on Controller: Account For User : .
2018-09-29 09:49:15,142 => DEBUG NoidaAuthority.PMS.Common.Logger.LogService.LogDebug():46 - Executing Action: GetMiscellaneousTypeList on Controller: Account For User : .
2018-09-29 09:49:15,146 => DEBUG NoidaAuthority.PMS.Common.Logger.LogService.LogDebug():46 - Executed Action: GetMiscellaneousTypeList on Controller: Account For User : .
2018-09-29 09:50:03,410 => DEBUG NoidaAuthority.PMS.Common.Logger.LogService.LogDebug():46 - Executing Action: Register on Controller: Account For User : .
2018-09-29 09:50:03,411 => DEBUG NoidaAuthority.PMS.Common.Logger.LogService.LogDebug():46 - Executed Action: Register on Controller: Account For User : .
2018-09-29 09:50:06,490 => DEBUG NoidaAuthority.PMS.Common.Logger.LogService.LogDebug():46 - Executing Action: GetSecurityQuestionList on Controller: Account For User : .
2018-09-29 09:50:06,494 => DEBUG NoidaAuthority.PMS.Common.Logger.LogService.LogDebug():46 - Executed Action: GetSecurityQuestionList on Controller: Account For User : .
2018-09-29 09:50:06,511 => DEBUG NoidaAuthority.PMS.Common.Logger.LogService.LogDebug():46 - Executing Action: GetMiscellaneousTypeList on Controller: Account For User : .
2018-09-29 09:50:06,513 => DEBUG NoidaAuthority.PMS.Common.Logger.LogService.LogDebug():46 - Executed Action: GetMiscellaneousTypeList on Controller: Account For User : .
2018-09-29 09:50:06,534 => DEBUG NoidaAuthority.PMS.Common.Logger.LogService.LogDebug():46 - Executing Action: GetMiscellaneousTypeList on Controller: Account For User : .
2018-09-29 09:50:06,534 => DEBUG NoidaAuthority.PMS.Common.Logger.LogService.LogDebug():46 - Executed Action: GetMiscellaneousTypeList on Controller: Account For User : .
2018-09-29 09:54:32,748 => DEBUG NoidaAuthority.PMS.Common.Logger.LogService.LogDebug():46 - Executing Action: Register on Controller: Account For User : .
2018-09-29 09:54:32,800 => DEBUG NoidaAuthority.PMS.Common.Logger.LogService.LogDebug():46 - Executed Action: Register on Controller: Account For User : .
2018-09-29 09:54:41,219 => DEBUG NoidaAuthority.PMS.Common.Logger.LogService.LogDebug():46 - Executing Action: GetSecurityQuestionList on Controller: Account For User : .
2018-09-29 09:54:41,233 => DEBUG NoidaAuthority.PMS.Common.Logger.LogService.LogDebug():46 - Executed Action: GetSecurityQuestionList on Controller: Account For User : .
2018-09-29 09:54:41,379 => DEBUG NoidaAuthority.PMS.Common.Logger.LogService.LogDebug():46 - Executing Action: GetMiscellaneousTypeList on Controller: Account For User : .
2018-09-29 09:54:41,384 => DEBUG NoidaAuthority.PMS.Common.Logger.LogService.LogDebug():46 - Executed Action: GetMiscellaneousTypeList on Controller: Account For User : .
2018-09-29 09:54:41,778 => DEBUG NoidaAuthority.PMS.Common.Logger.LogService.LogDebug():46 - Executing Action: GetMiscellaneousTypeList on Controller: Account For User : .
2018-09-29 09:54:41,779 => DEBUG NoidaAuthority.PMS.Common.Logger.LogService.LogDebug():46 - Executed Action: GetMiscellaneousTypeList on Controller: Account For User : .
2018-09-29 09:59:02,609 => DEBUG NoidaAuthority.PMS.Common.Logger.LogService.LogDebug():46 - Executing Action: Register on Controller: Account For User : .
2018-09-29 09:59:02,610 => DEBUG NoidaAuthority.PMS.Common.Logger.LogService.LogDebug():46 - Executed Action: Register on Controller: Account For User : .
2018-09-29 09:59:08,642 => DEBUG NoidaAuthority.PMS.Common.Logger.LogService.LogDebug():46 - Executing Action: GetSecurityQuestionList on Controller: Account For User : .
2018-09-29 09:59:08,643 => DEBUG NoidaAuthority.PMS.Common.Logger.LogService.LogDebug():46 - Executed Action: GetSecurityQuestionList on Controller: Account For User : .
2018-09-29 09:59:08,664 => DEBUG NoidaAuthority.PMS.Common.Logger.LogService.LogDebug():46 - Executing Action: GetMiscellaneousTypeList on Controller: Account For User : .
2018-09-29 09:59:08,665 => DEBUG NoidaAuthority.PMS.Common.Logger.LogService.LogDebug():46 - Executed Action: GetMiscellaneousTypeList on Controller: Account For User : .
2018-09-29 09:59:08,685 => DEBUG NoidaAuthority.PMS.Common.Logger.LogService.LogDebug():46 - Executing Action: GetMiscellaneousTypeList on Controller: Account For User : .
2018-09-29 09:59:08,688 => DEBUG NoidaAuthority.PMS.Common.Logger.LogService.LogDebug():46 - Executed Action: GetMiscellaneousTypeList on Controller: Account For User : .
2018-09-29 10:00:55,238 => DEBUG NoidaAuthority.PMS.Common.Logger.LogService.LogDebug():46 - Executing Action: Register on Controller: Account For User : .
2018-09-29 10:00:55,239 => DEBUG NoidaAuthority.PMS.Common.Logger.LogService.LogDebug():46 - Executed Action: Register on Controller: Account For User : .
2018-09-29 10:00:56,953 => DEBUG NoidaAuthority.PMS.Common.Logger.LogService.LogDebug():46 - Executing Action: GetSecurityQuestionList on Controller: Account For User : .
2018-09-29 10:00:56,954 => DEBUG NoidaAuthority.PMS.Common.Logger.LogService.LogDebug():46 - Executed Action: GetSecurityQuestionList on Controller: Account For User : .
2018-09-29 10:00:56,976 => DEBUG NoidaAuthority.PMS.Common.Logger.LogService.LogDebug():46 - Executing Action: GetMiscellaneousTypeList on Controller: Account For User : .
2018-09-29 10:00:56,977 => DEBUG NoidaAuthority.PMS.Common.Logger.LogService.LogDebug():46 - Executed Action: GetMiscellaneousTypeList on Controller: Account For User : .
2018-09-29 10:00:56,995 => DEBUG NoidaAuthority.PMS.Common.Logger.LogService.LogDebug():46 - Executing Action: GetMiscellaneousTypeList on Controller: Account For User : .
2018-09-29 10:00:56,998 => DEBUG NoidaAuthority.PMS.Common.Logger.LogService.LogDebug():46 - Executed Action: GetMiscellaneousTypeList on Controller: Account For User : .
2018-09-29 11:05:25,330 => DEBUG NoidaAuthority.PMS.Common.Logger.LogService.LogDebug():46 - Executing Action: Register on Controller: Account For User : .
2018-09-29 11:05:25,427 => DEBUG NoidaAuthority.PMS.Common.Logger.LogService.LogDebug():46 - Executed Action: Register on Controller: Account For User : .
2018-09-29 11:05:33,775 => DEBUG NoidaAuthority.PMS.Common.Logger.LogService.LogDebug():46 - Executing Action: GetSecurityQuestionList on Controller: Account For User : .
2018-09-29 11:05:33,797 => DEBUG NoidaAuthority.PMS.Common.Logger.LogService.LogDebug():46 - Executed Action: GetSecurityQuestionList on Controller: Account For User : .
2018-09-29 11:05:34,525 => DEBUG NoidaAuthority.PMS.Common.Logger.LogService.LogDebug():46 - Executing Action: GetMiscellaneousTypeList on Controller: Account For User : .
2018-09-29 11:05:34,537 => DEBUG NoidaAuthority.PMS.Common.Logger.LogService.LogDebug():46 - Executed Action: GetMiscellaneousTypeList on Controller: Account For User : .
2018-09-29 11:05:34,882 => DEBUG NoidaAuthority.PMS.Common.Logger.LogService.LogDebug():46 - Executing Action: GetMiscellaneousTypeList on Controller: Account For User : .
2018-09-29 11:05:34,884 => DEBUG NoidaAuthority.PMS.Common.Logger.LogService.LogDebug():46 - Executed Action: GetMiscellaneousTypeList on Controller: Account For User : .
2018-09-29 11:12:12,696 => DEBUG NoidaAuthority.PMS.Common.Logger.LogService.LogDebug():46 - Executing Action: CheckRegistationIDForNAcustomer on Controller: ManageUsers For User : .
2018-09-29 11:12:49,355 => DEBUG NoidaAuthority.PMS.Common.Logger.LogService.LogDebug():46 - Executed Action: CheckRegistationIDForNAcustomer on Controller: ManageUsers For User : .
2018-09-29 11:21:35,183 => DEBUG NoidaAuthority.PMS.Common.Logger.LogService.LogDebug():46 - Executing Action: Register on Controller: Account For User : .
2018-09-29 11:21:35,185 => DEBUG NoidaAuthority.PMS.Common.Logger.LogService.LogDebug():46 - Executed Action: Register on Controller: Account For User : .
2018-09-29 11:21:42,330 => DEBUG NoidaAuthority.PMS.Common.Logger.LogService.LogDebug():46 - Executing Action: GetSecurityQuestionList on Controller: Account For User : .
2018-09-29 11:21:42,332 => DEBUG NoidaAuthority.PMS.Common.Logger.LogService.LogDebug():46 - Executed Action: GetSecurityQuestionList on Controller: Account For User : .
2018-09-29 11:21:42,357 => DEBUG NoidaAuthority.PMS.Common.Logger.LogService.LogDebug():46 - Executing Action: GetMiscellaneousTypeList on Controller: Account For User : .
2018-09-29 11:21:42,358 => DEBUG NoidaAuthority.PMS.Common.Logger.LogService.LogDebug():46 - Executed Action: GetMiscellaneousTypeList on Controller: Account For User : .
2018-09-29 11:21:42,377 => DEBUG NoidaAuthority.PMS.Common.Logger.LogService.LogDebug():46 - Executing Action: GetMiscellaneousTypeList on Controller: Account For User : .
2018-09-29 11:21:42,379 => DEBUG NoidaAuthority.PMS.Common.Logger.LogService.LogDebug():46 - Executed Action: GetMiscellaneousTypeList on Controller: Account For User : .
2018-09-29 11:22:27,763 => DEBUG NoidaAuthority.PMS.Common.Logger.LogService.LogDebug():46 - Executing Action: Register on Controller: Account For User : .
2018-09-29 11:22:27,765 => DEBUG NoidaAuthority.PMS.Common.Logger.LogService.LogDebug():46 - Executed Action: Register on Controller: Account For User : .
2018-09-29 11:22:33,739 => DEBUG NoidaAuthority.PMS.Common.Logger.LogService.LogDebug():46 - Executing Action: GetSecurityQuestionList on Controller: Account For User : .
2018-09-29 11:22:33,740 => DEBUG NoidaAuthority.PMS.Common.Logger.LogService.LogDebug():46 - Executed Action: GetSecurityQuestionList on Controller: Account For User : .
2018-09-29 11:22:33,756 => DEBUG NoidaAuthority.PMS.Common.Logger.LogService.LogDebug():46 - Executing Action: GetMiscellaneousTypeList on Controller: Account For User : .
2018-09-29 11:22:33,757 => DEBUG NoidaAuthority.PMS.Common.Logger.LogService.LogDebug():46 - Executed Action: GetMiscellaneousTypeList on Controller: Account For User : .
2018-09-29 11:22:33,774 => DEBUG NoidaAuthority.PMS.Common.Logger.LogService.LogDebug():46 - Executing Action: GetMiscellaneousTypeList on Controller: Account For User : .
2018-09-29 11:22:33,776 => DEBUG NoidaAuthority.PMS.Common.Logger.LogService.LogDebug():46 - Executed Action: GetMiscellaneousTypeList on Controller: Account For User : .
2018-09-29 11:23:14,177 => DEBUG NoidaAuthority.PMS.Common.Logger.LogService.LogDebug():46 - Executing Action: Register on Controller: Account For User : .
2018-09-29 11:23:14,179 => DEBUG NoidaAuthority.PMS.Common.Logger.LogService.LogDebug():46 - Executed Action: Register on Controller: Account For User : .
2018-09-29 11:23:19,386 => DEBUG NoidaAuthority.PMS.Common.Logger.LogService.LogDebug():46 - Executing Action: GetSecurityQuestionList on Controller: Account For User : .
2018-09-29 11:23:19,387 => DEBUG NoidaAuthority.PMS.Common.Logger.LogService.LogDebug():46 - Executed Action: GetSecurityQuestionList on Controller: Account For User : .
2018-09-29 11:23:19,403 => DEBUG NoidaAuthority.PMS.Common.Logger.LogService.LogDebug():46 - Executing Action: GetMiscellaneousTypeList on Controller: Account For User : .
2018-09-29 11:23:19,405 => DEBUG NoidaAuthority.PMS.Common.Logger.LogService.LogDebug():46 - Executed Action: GetMiscellaneousTypeList on Controller: Account For User : .
2018-09-29 11:23:19,429 => DEBUG NoidaAuthority.PMS.Common.Logger.LogService.LogDebug():46 - Executing Action: GetMiscellaneousTypeList on Controller: Account For User : .
2018-09-29 11:23:19,431 => DEBUG NoidaAuthority.PMS.Common.Logger.LogService.LogDebug():46 - Executed Action: GetMiscellaneousTypeList on Controller: Account For User : .
2018-09-29 11:25:08,067 => DEBUG NoidaAuthority.PMS.Common.Logger.LogService.LogDebug():46 - Executing Action: Register on Controller: Account For User : .
2018-09-29 11:25:08,069 => DEBUG NoidaAuthority.PMS.Common.Logger.LogService.LogDebug():46 - Executed Action: Register on Controller: Account For User : .
2018-09-29 11:25:13,498 => DEBUG NoidaAuthority.PMS.Common.Logger.LogService.LogDebug():46 - Executing Action: GetSecurityQuestionList on Controller: Account For User : .
2018-09-29 11:25:13,499 => DEBUG NoidaAuthority.PMS.Common.Logger.LogService.LogDebug():46 - Executed Action: GetSecurityQuestionList on Controller: Account For User : .
2018-09-29 11:25:13,519 => DEBUG NoidaAuthority.PMS.Common.Logger.LogService.LogDebug():46 - Executing Action: GetMiscellaneousTypeList on Controller: Account For User : .
2018-09-29 11:25:13,520 => DEBUG NoidaAuthority.PMS.Common.Logger.LogService.LogDebug():46 - Executed Action: GetMiscellaneousTypeList on Controller: Account For User : .
2018-09-29 11:25:13,536 => DEBUG NoidaAuthority.PMS.Common.Logger.LogService.LogDebug():46 - Executing Action: GetMiscellaneousTypeList on Controller: Account For User : .
2018-09-29 11:25:13,537 => DEBUG NoidaAuthority.PMS.Common.Logger.LogService.LogDebug():46 - Executed Action: GetMiscellaneousTypeList on Controller: Account For User : .
2018-09-29 11:26:06,239 => DEBUG NoidaAuthority.PMS.Common.Logger.LogService.LogDebug():46 - Executing Action: Register on Controller: Account For User : .
2018-09-29 11:26:06,241 => DEBUG NoidaAuthority.PMS.Common.Logger.LogService.LogDebug():46 - Executed Action: Register on Controller: Account For User : .
2018-09-29 11:26:11,400 => DEBUG NoidaAuthority.PMS.Common.Logger.LogService.LogDebug():46 - Executing Action: GetSecurityQuestionList on Controller: Account For User : .
2018-09-29 11:26:11,401 => DEBUG NoidaAuthority.PMS.Common.Logger.LogService.LogDebug():46 - Executed Action: GetSecurityQuestionList on Controller: Account For User : .
2018-09-29 11:26:11,417 => DEBUG NoidaAuthority.PMS.Common.Logger.LogService.LogDebug():46 - Executing Action: GetMiscellaneousTypeList on Controller: Account For User : .
2018-09-29 11:26:11,419 => DEBUG NoidaAuthority.PMS.Common.Logger.LogService.LogDebug():46 - Executed Action: GetMiscellaneousTypeList on Controller: Account For User : .
2018-09-29 11:26:11,434 => DEBUG NoidaAuthority.PMS.Common.Logger.LogService.LogDebug():46 - Executing Action: GetMiscellaneousTypeList on Controller: Account For User : .
2018-09-29 11:26:11,436 => DEBUG NoidaAuthority.PMS.Common.Logger.LogService.LogDebug():46 - Executed Action: GetMiscellaneousTypeList on Controller: Account For User : .
2018-09-29 11:26:58,496 => DEBUG NoidaAuthority.PMS.Common.Logger.LogService.LogDebug():46 - Executing Action: Register on Controller: Account For User : .
2018-09-29 11:26:58,497 => DEBUG NoidaAuthority.PMS.Common.Logger.LogService.LogDebug():46 - Executed Action: Register on Controller: Account For User : .
2018-09-29 11:27:03,683 => DEBUG NoidaAuthority.PMS.Common.Logger.LogService.LogDebug():46 - Executing Action: GetSecurityQuestionList on Controller: Account For User : .
2018-09-29 11:27:03,684 => DEBUG NoidaAuthority.PMS.Common.Logger.LogService.LogDebug():46 - Executed Action: GetSecurityQuestionList on Controller: Account For User : .
2018-09-29 11:27:03,702 => DEBUG NoidaAuthority.PMS.Common.Logger.LogService.LogDebug():46 - Executing Action: GetMiscellaneousTypeList on Controller: Account For User : .
2018-09-29 11:27:03,703 => DEBUG NoidaAuthority.PMS.Common.Logger.LogService.LogDebug():46 - Executed Action: GetMiscellaneousTypeList on Controller: Account For User : .
2018-09-29 11:27:03,721 => DEBUG NoidaAuthority.PMS.Common.Logger.LogService.LogDebug():46 - Executing Action: GetMiscellaneousTypeList on Controller: Account For User : .
2018-09-29 11:27:03,726 => DEBUG NoidaAuthority.PMS.Common.Logger.LogService.LogDebug():46 - Executed Action: GetMiscellaneousTypeList on Controller: Account For User : .
2018-09-29 11:27:33,767 => DEBUG NoidaAuthority.PMS.Common.Logger.LogService.LogDebug():46 - Executing Action: Register on Controller: Account For User : .
2018-09-29 11:27:33,769 => DEBUG NoidaAuthority.PMS.Common.Logger.LogService.LogDebug():46 - Executed Action: Register on Controller: Account For User : .
2018-09-29 11:27:38,878 => DEBUG NoidaAuthority.PMS.Common.Logger.LogService.LogDebug():46 - Executing Action: GetSecurityQuestionList on Controller: Account For User : .
2018-09-29 11:27:38,879 => DEBUG NoidaAuthority.PMS.Common.Logger.LogService.LogDebug():46 - Executed Action: GetSecurityQuestionList on Controller: Account For User : .
2018-09-29 11:27:38,896 => DEBUG NoidaAuthority.PMS.Common.Logger.LogService.LogDebug():46 - Executing Action: GetMiscellaneousTypeList on Controller: Account For User : .
2018-09-29 11:27:38,898 => DEBUG NoidaAuthority.PMS.Common.Logger.LogService.LogDebug():46 - Executed Action: GetMiscellaneousTypeList on Controller: Account For User : .
2018-09-29 11:27:38,912 => DEBUG NoidaAuthority.PMS.Common.Logger.LogService.LogDebug():46 - Executing Action: GetMiscellaneousTypeList on Controller: Account For User : .
2018-09-29 11:27:38,913 => DEBUG NoidaAuthority.PMS.Common.Logger.LogService.LogDebug():46 - Executed Action: GetMiscellaneousTypeList on Controller: Account For User : .
2018-09-29 11:27:58,604 => DEBUG NoidaAuthority.PMS.Common.Logger.LogService.LogDebug():46 - Executing Action: Register on Controller: Account For User : .
2018-09-29 11:27:58,606 => DEBUG NoidaAuthority.PMS.Common.Logger.LogService.LogDebug():46 - Executed Action: Register on Controller: Account For User : .
2018-09-29 11:28:04,127 => DEBUG NoidaAuthority.PMS.Common.Logger.LogService.LogDebug():46 - Executing Action: GetSecurityQuestionList on Controller: Account For User : .
2018-09-29 11:28:04,129 => DEBUG NoidaAuthority.PMS.Common.Logger.LogService.LogDebug():46 - Executed Action: GetSecurityQuestionList on Controller: Account For User : .
2018-09-29 11:28:04,150 => DEBUG NoidaAuthority.PMS.Common.Logger.LogService.LogDebug():46 - Executing Action: GetMiscellaneousTypeList on Controller: Account For User : .
2018-09-29 11:28:04,151 => DEBUG NoidaAuthority.PMS.Common.Logger.LogService.LogDebug():46 - Executed Action: GetMiscellaneousTypeList on Controller: Account For User : .
2018-09-29 11:28:04,170 => DEBUG NoidaAuthority.PMS.Common.Logger.LogService.LogDebug():46 - Executing Action: GetMiscellaneousTypeList on Controller: Account For User : .
2018-09-29 11:28:04,171 => DEBUG NoidaAuthority.PMS.Common.Logger.LogService.LogDebug():46 - Executed Action: GetMiscellaneousTypeList on Controller: Account For User : .
2018-09-29 11:28:28,879 => DEBUG NoidaAuthority.PMS.Common.Logger.LogService.LogDebug():46 - Executing Action: Register on Controller: Account For User : .
2018-09-29 11:28:28,881 => DEBUG NoidaAuthority.PMS.Common.Logger.LogService.LogDebug():46 - Executed Action: Register on Controller: Account For User : .
2018-09-29 11:28:33,987 => DEBUG NoidaAuthority.PMS.Common.Logger.LogService.LogDebug():46 - Executing Action: GetSecurityQuestionList on Controller: Account For User : .
2018-09-29 11:28:33,990 => DEBUG NoidaAuthority.PMS.Common.Logger.LogService.LogDebug():46 - Executed Action: GetSecurityQuestionList on Controller: Account For User : .
2018-09-29 11:28:34,006 => DEBUG NoidaAuthority.PMS.Common.Logger.LogService.LogDebug():46 - Executing Action: GetMiscellaneousTypeList on Controller: Account For User : .
2018-09-29 11:28:34,007 => DEBUG NoidaAuthority.PMS.Common.Logger.LogService.LogDebug():46 - Executed Action: GetMiscellaneousTypeList on Controller: Account For User : .
2018-09-29 11:28:34,020 => DEBUG NoidaAuthority.PMS.Common.Logger.LogService.LogDebug():46 - Executing Action: GetMiscellaneousTypeList on Controller: Account For User : .
2018-09-29 11:28:34,022 => DEBUG NoidaAuthority.PMS.Common.Logger.LogService.LogDebug():46 - Executed Action: GetMiscellaneousTypeList on Controller: Account For User : .
2018-09-29 11:28:50,846 => DEBUG NoidaAuthority.PMS.Common.Logger.LogService.LogDebug():46 - Executing Action: Register on Controller: Account For User : .
2018-09-29 11:28:50,847 => DEBUG NoidaAuthority.PMS.Common.Logger.LogService.LogDebug():46 - Executed Action: Register on Controller: Account For User : .
2018-09-29 11:28:55,900 => DEBUG NoidaAuthority.PMS.Common.Logger.LogService.LogDebug():46 - Executing Action: GetSecurityQuestionList on Controller: Account For User : .
2018-09-29 11:28:55,901 => DEBUG NoidaAuthority.PMS.Common.Logger.LogService.LogDebug():46 - Executed Action: GetSecurityQuestionList on Controller: Account For User : .
2018-09-29 11:28:55,922 => DEBUG NoidaAuthority.PMS.Common.Logger.LogService.LogDebug():46 - Executing Action: GetMiscellaneousTypeList on Controller: Account For User : .
2018-09-29 11:28:55,924 => DEBUG NoidaAuthority.PMS.Common.Logger.LogService.LogDebug():46 - Executed Action: GetMiscellaneousTypeList on Controller: Account For User : .
2018-09-29 11:28:55,943 => DEBUG NoidaAuthority.PMS.Common.Logger.LogService.LogDebug():46 - Executing Action: GetMiscellaneousTypeList on Controller: Account For User : .
2018-09-29 11:28:55,944 => DEBUG NoidaAuthority.PMS.Common.Logger.LogService.LogDebug():46 - Executed Action: GetMiscellaneousTypeList on Controller: Account For User : .
2018-09-29 11:29:21,544 => DEBUG NoidaAuthority.PMS.Common.Logger.LogService.LogDebug():46 - Executing Action: Register on Controller: Account For User : .
2018-09-29 11:29:21,546 => DEBUG NoidaAuthority.PMS.Common.Logger.LogService.LogDebug():46 - Executed Action: Register on Controller: Account For User : .
2018-09-29 11:29:26,859 => DEBUG NoidaAuthority.PMS.Common.Logger.LogService.LogDebug():46 - Executing Action: GetSecurityQuestionList on Controller: Account For User : .
2018-09-29 11:29:26,861 => DEBUG NoidaAuthority.PMS.Common.Logger.LogService.LogDebug():46 - Executed Action: GetSecurityQuestionList on Controller: Account For User : .
2018-09-29 11:29:26,892 => DEBUG NoidaAuthority.PMS.Common.Logger.LogService.LogDebug():46 - Executing Action: GetMiscellaneousTypeList on Controller: Account For User : .
2018-09-29 11:29:26,893 => DEBUG NoidaAuthority.PMS.Common.Logger.LogService.LogDebug():46 - Executed Action: GetMiscellaneousTypeList on Controller: Account For User : .
2018-09-29 11:29:26,915 => DEBUG NoidaAuthority.PMS.Common.Logger.LogService.LogDebug():46 - Executing Action: GetMiscellaneousTypeList on Controller: Account For User : .
2018-09-29 11:29:26,917 => DEBUG NoidaAuthority.PMS.Common.Logger.LogService.LogDebug():46 - Executed Action: GetMiscellaneousTypeList on Controller: Account For User : .
2018-09-29 11:30:07,840 => DEBUG NoidaAuthority.PMS.Common.Logger.LogService.LogDebug():46 - Executing Action: Register on Controller: Account For User : .
2018-09-29 11:30:07,842 => DEBUG NoidaAuthority.PMS.Common.Logger.LogService.LogDebug():46 - Executed Action: Register on Controller: Account For User : .
2018-09-29 11:30:13,051 => DEBUG NoidaAuthority.PMS.Common.Logger.LogService.LogDebug():46 - Executing Action: GetSecurityQuestionList on Controller: Account For User : .
2018-09-29 11:30:13,052 => DEBUG NoidaAuthority.PMS.Common.Logger.LogService.LogDebug():46 - Executed Action: GetSecurityQuestionList on Controller: Account For User : .
2018-09-29 11:30:13,082 => DEBUG NoidaAuthority.PMS.Common.Logger.LogService.LogDebug():46 - Executing Action: GetMiscellaneousTypeList on Controller: Account For User : .
2018-09-29 11:30:13,084 => DEBUG NoidaAuthority.PMS.Common.Logger.LogService.LogDebug():46 - Executed Action: GetMiscellaneousTypeList on Controller: Account For User : .
2018-09-29 11:30:13,110 => DEBUG NoidaAuthority.PMS.Common.Logger.LogService.LogDebug():46 - Executing Action: GetMiscellaneousTypeList on Controller: Account For User : .
2018-09-29 11:30:13,112 => DEBUG NoidaAuthority.PMS.Common.Logger.LogService.LogDebug():46 - Executed Action: GetMiscellaneousTypeList on Controller: Account For User : .
2018-09-29 11:31:09,460 => DEBUG NoidaAuthority.PMS.Common.Logger.LogService.LogDebug():46 - Executing Action: Register on Controller: Account For User : .
2018-09-29 11:31:09,461 => DEBUG NoidaAuthority.PMS.Common.Logger.LogService.LogDebug():46 - Executed Action: Register on Controller: Account For User : .
2018-09-29 11:31:14,762 => DEBUG NoidaAuthority.PMS.Common.Logger.LogService.LogDebug():46 - Executing Action: GetSecurityQuestionList on Controller: Account For User : .
2018-09-29 11:31:14,764 => DEBUG NoidaAuthority.PMS.Common.Logger.LogService.LogDebug():46 - Executed Action: GetSecurityQuestionList on Controller: Account For User : .
2018-09-29 11:31:14,783 => DEBUG NoidaAuthority.PMS.Common.Logger.LogService.LogDebug():46 - Executing Action: GetMiscellaneousTypeList on Controller: Account For User : .
2018-09-29 11:31:14,784 => DEBUG NoidaAuthority.PMS.Common.Logger.LogService.LogDebug():46 - Executed Action: GetMiscellaneousTypeList on Controller: Account For User : .
2018-09-29 11:31:14,803 => DEBUG NoidaAuthority.PMS.Common.Logger.LogService.LogDebug():46 - Executing Action: GetMiscellaneousTypeList on Controller: Account For User : .
2018-09-29 11:31:14,804 => DEBUG NoidaAuthority.PMS.Common.Logger.LogService.LogDebug():46 - Executed Action: GetMiscellaneousTypeList on Controller: Account For User : .
2018-09-29 11:31:20,586 => DEBUG NoidaAuthority.PMS.Common.Logger.LogService.LogDebug():46 - Executing Action: Register on Controller: Account For User : .
2018-09-29 11:31:20,589 => DEBUG NoidaAuthority.PMS.Common.Logger.LogService.LogDebug():46 - Executed Action: Register on Controller: Account For User : .
2018-09-29 11:31:21,290 => DEBUG NoidaAuthority.PMS.Common.Logger.LogService.LogDebug():46 - Executing Action: GetSecurityQuestionList on Controller: Account For User : .
2018-09-29 11:31:21,291 => DEBUG NoidaAuthority.PMS.Common.Logger.LogService.LogDebug():46 - Executed Action: GetSecurityQuestionList on Controller: Account For User : .
2018-09-29 11:31:21,311 => DEBUG NoidaAuthority.PMS.Common.Logger.LogService.LogDebug():46 - Executing Action: GetMiscellaneousTypeList on Controller: Account For User : .
2018-09-29 11:31:21,312 => DEBUG NoidaAuthority.PMS.Common.Logger.LogService.LogDebug():46 - Executed Action: GetMiscellaneousTypeList on Controller: Account For User : .
2018-09-29 11:31:21,326 => DEBUG NoidaAuthority.PMS.Common.Logger.LogService.LogDebug():46 - Executing Action: GetMiscellaneousTypeList on Controller: Account For User : .
2018-09-29 11:31:21,327 => DEBUG NoidaAuthority.PMS.Common.Logger.LogService.LogDebug():46 - Executed Action: GetMiscellaneousTypeList on Controller: Account For User : .
2018-09-29 11:31:34,245 => DEBUG NoidaAuthority.PMS.Common.Logger.LogService.LogDebug():46 - Executing Action: Register on Controller: Account For User : .
2018-09-29 11:31:34,245 => DEBUG NoidaAuthority.PMS.Common.Logger.LogService.LogDebug():46 - Executed Action: Register on Controller: Account For User : .
2018-09-29 11:31:39,138 => DEBUG NoidaAuthority.PMS.Common.Logger.LogService.LogDebug():46 - Executing Action: GetSecurityQuestionList on Controller: Account For User : .
2018-09-29 11:31:39,141 => DEBUG NoidaAuthority.PMS.Common.Logger.LogService.LogDebug():46 - Executed Action: GetSecurityQuestionList on Controller: Account For User : .
2018-09-29 11:31:39,155 => DEBUG NoidaAuthority.PMS.Common.Logger.LogService.LogDebug():46 - Executing Action: GetMiscellaneousTypeList on Controller: Account For User : .
2018-09-29 11:31:39,157 => DEBUG NoidaAuthority.PMS.Common.Logger.LogService.LogDebug():46 - Executed Action: GetMiscellaneousTypeList on Controller: Account For User : .
2018-09-29 11:31:39,173 => DEBUG NoidaAuthority.PMS.Common.Logger.LogService.LogDebug():46 - Executing Action: GetMiscellaneousTypeList on Controller: Account For User : .
2018-09-29 11:31:39,174 => DEBUG NoidaAuthority.PMS.Common.Logger.LogService.LogDebug():46 - Executed Action: GetMiscellaneousTypeList on Controller: Account For User : .
2018-09-29 11:33:03,068 => DEBUG NoidaAuthority.PMS.Common.Logger.LogService.LogDebug():46 - Executing Action: Register on Controller: Account For User : .
2018-09-29 11:33:03,071 => DEBUG NoidaAuthority.PMS.Common.Logger.LogService.LogDebug():46 - Executed Action: Register on Controller: Account For User : .
2018-09-29 11:33:04,047 => DEBUG NoidaAuthority.PMS.Common.Logger.LogService.LogDebug():46 - Executing Action: GetSecurityQuestionList on Controller: Account For User : .
2018-09-29 11:33:04,048 => DEBUG NoidaAuthority.PMS.Common.Logger.LogService.LogDebug():46 - Executed Action: GetSecurityQuestionList on Controller: Account For User : .
2018-09-29 11:33:04,065 => DEBUG NoidaAuthority.PMS.Common.Logger.LogService.LogDebug():46 - Executing Action: GetMiscellaneousTypeList on Controller: Account For User : .
2018-09-29 11:33:04,067 => DEBUG NoidaAuthority.PMS.Common.Logger.LogService.LogDebug():46 - Executed Action: GetMiscellaneousTypeList on Controller: Account For User : .
2018-09-29 11:33:04,084 => DEBUG NoidaAuthority.PMS.Common.Logger.LogService.LogDebug():46 - Executing Action: GetMiscellaneousTypeList on Controller: Account For User : .
2018-09-29 11:33:04,086 => DEBUG NoidaAuthority.PMS.Common.Logger.LogService.LogDebug():46 - Executed Action: GetMiscellaneousTypeList on Controller: Account For User : .
2018-09-29 11:33:34,197 => DEBUG NoidaAuthority.PMS.Common.Logger.LogService.LogDebug():46 - Executing Action: Register on Controller: Account For User : .
2018-09-29 11:33:34,224 => DEBUG NoidaAuthority.PMS.Common.Logger.LogService.LogDebug():46 - Executed Action: Register on Controller: Account For User : .
2018-09-29 11:33:42,110 => DEBUG NoidaAuthority.PMS.Common.Logger.LogService.LogDebug():46 - Executing Action: GetSecurityQuestionList on Controller: Account For User : .
2018-09-29 11:33:42,126 => DEBUG NoidaAuthority.PMS.Common.Logger.LogService.LogDebug():46 - Executed Action: GetSecurityQuestionList on Controller: Account For User : .
2018-09-29 11:33:42,716 => DEBUG NoidaAuthority.PMS.Common.Logger.LogService.LogDebug():46 - Executing Action: GetMiscellaneousTypeList on Controller: Account For User : .
2018-09-29 11:33:42,716 => DEBUG NoidaAuthority.PMS.Common.Logger.LogService.LogDebug():46 - Executed Action: GetMiscellaneousTypeList on Controller: Account For User : .
2018-09-29 11:33:43,156 => DEBUG NoidaAuthority.PMS.Common.Logger.LogService.LogDebug():46 - Executing Action: GetMiscellaneousTypeList on Controller: Account For User : .
2018-09-29 11:33:43,157 => DEBUG NoidaAuthority.PMS.Common.Logger.LogService.LogDebug():46 - Executed Action: GetMiscellaneousTypeList on Controller: Account For User : .
2018-09-29 11:34:08,878 => DEBUG NoidaAuthority.PMS.Common.Logger.LogService.LogDebug():46 - Executing Action: Register on Controller: Account For User : .
2018-09-29 11:34:08,880 => DEBUG NoidaAuthority.PMS.Common.Logger.LogService.LogDebug():46 - Executed Action: Register on Controller: Account For User : .
2018-09-29 11:34:14,011 => DEBUG NoidaAuthority.PMS.Common.Logger.LogService.LogDebug():46 - Executing Action: GetSecurityQuestionList on Controller: Account For User : .
2018-09-29 11:34:14,013 => DEBUG NoidaAuthority.PMS.Common.Logger.LogService.LogDebug():46 - Executed Action: GetSecurityQuestionList on Controller: Account For User : .
2018-09-29 11:34:14,034 => DEBUG NoidaAuthority.PMS.Common.Logger.LogService.LogDebug():46 - Executing Action: GetMiscellaneousTypeList on Controller: Account For User : .
2018-09-29 11:34:14,035 => DEBUG NoidaAuthority.PMS.Common.Logger.LogService.LogDebug():46 - Executed Action: GetMiscellaneousTypeList on Controller: Account For User : .
2018-09-29 11:34:14,049 => DEBUG NoidaAuthority.PMS.Common.Logger.LogService.LogDebug():46 - Executing Action: GetMiscellaneousTypeList on Controller: Account For User : .
2018-09-29 11:34:14,050 => DEBUG NoidaAuthority.PMS.Common.Logger.LogService.LogDebug():46 - Executed Action: GetMiscellaneousTypeList on Controller: Account For User : .
2018-09-29 11:34:28,066 => DEBUG NoidaAuthority.PMS.Common.Logger.LogService.LogDebug():46 - Executing Action: Register on Controller: Account For User : .
2018-09-29 11:34:28,068 => DEBUG NoidaAuthority.PMS.Common.Logger.LogService.LogDebug():46 - Executed Action: Register on Controller: Account For User : .
2018-09-29 11:34:33,330 => DEBUG NoidaAuthority.PMS.Common.Logger.LogService.LogDebug():46 - Executing Action: GetSecurityQuestionList on Controller: Account For User : .
2018-09-29 11:34:33,332 => DEBUG NoidaAuthority.PMS.Common.Logger.LogService.LogDebug():46 - Executed Action: GetSecurityQuestionList on Controller: Account For User : .
2018-09-29 11:34:33,352 => DEBUG NoidaAuthority.PMS.Common.Logger.LogService.LogDebug():46 - Executing Action: GetMiscellaneousTypeList on Controller: Account For User : .
2018-09-29 11:34:33,353 => DEBUG NoidaAuthority.PMS.Common.Logger.LogService.LogDebug():46 - Executed Action: GetMiscellaneousTypeList on Controller: Account For User : .
2018-09-29 11:34:33,398 => DEBUG NoidaAuthority.PMS.Common.Logger.LogService.LogDebug():46 - Executing Action: GetMiscellaneousTypeList on Controller: Account For User : .
2018-09-29 11:34:33,400 => DEBUG NoidaAuthority.PMS.Common.Logger.LogService.LogDebug():46 - Executed Action: GetMiscellaneousTypeList on Controller: Account For User : .
2018-09-29 11:34:42,065 => DEBUG NoidaAuthority.PMS.Common.Logger.LogService.LogDebug():46 - Executing Action: Register on Controller: Account For User : .
2018-09-29 11:34:42,067 => DEBUG NoidaAuthority.PMS.Common.Logger.LogService.LogDebug():46 - Executed Action: Register on Controller: Account For User : .
2018-09-29 11:34:42,694 => DEBUG NoidaAuthority.PMS.Common.Logger.LogService.LogDebug():46 - Executing Action: GetSecurityQuestionList on Controller: Account For User : .
2018-09-29 11:34:42,695 => DEBUG NoidaAuthority.PMS.Common.Logger.LogService.LogDebug():46 - Executed Action: GetSecurityQuestionList on Controller: Account For User : .
2018-09-29 11:34:42,714 => DEBUG NoidaAuthority.PMS.Common.Logger.LogService.LogDebug():46 - Executing Action: GetMiscellaneousTypeList on Controller: Account For User : .
2018-09-29 11:34:42,715 => DEBUG NoidaAuthority.PMS.Common.Logger.LogService.LogDebug():46 - Executed Action: GetMiscellaneousTypeList on Controller: Account For User : .
2018-09-29 11:34:42,731 => DEBUG NoidaAuthority.PMS.Common.Logger.LogService.LogDebug():46 - Executing Action: GetMiscellaneousTypeList on Controller: Account For User : .
2018-09-29 11:34:42,732 => DEBUG NoidaAuthority.PMS.Common.Logger.LogService.LogDebug():46 - Executed Action: GetMiscellaneousTypeList on Controller: Account For User : .
2018-09-29 11:35:37,153 => DEBUG NoidaAuthority.PMS.Common.Logger.LogService.LogDebug():46 - Executing Action: Register on Controller: Account For User : .
2018-09-29 11:35:37,155 => DEBUG NoidaAuthority.PMS.Common.Logger.LogService.LogDebug():46 - Executed Action: Register on Controller: Account For User : .
2018-09-29 11:35:42,382 => DEBUG NoidaAuthority.PMS.Common.Logger.LogService.LogDebug():46 - Executing Action: GetSecurityQuestionList on Controller: Account For User : .
2018-09-29 11:35:42,383 => DEBUG NoidaAuthority.PMS.Common.Logger.LogService.LogDebug():46 - Executed Action: GetSecurityQuestionList on Controller: Account For User : .
2018-09-29 11:35:42,402 => DEBUG NoidaAuthority.PMS.Common.Logger.LogService.LogDebug():46 - Executing Action: GetMiscellaneousTypeList on Controller: Account For User : .
2018-09-29 11:35:42,403 => DEBUG NoidaAuthority.PMS.Common.Logger.LogService.LogDebug():46 - Executed Action: GetMiscellaneousTypeList on Controller: Account For User : .
2018-09-29 11:35:42,448 => DEBUG NoidaAuthority.PMS.Common.Logger.LogService.LogDebug():46 - Executing Action: GetMiscellaneousTypeList on Controller: Account For User : .
2018-09-29 11:35:42,450 => DEBUG NoidaAuthority.PMS.Common.Logger.LogService.LogDebug():46 - Executed Action: GetMiscellaneousTypeList on Controller: Account For User : .
2018-09-29 11:36:00,252 => DEBUG NoidaAuthority.PMS.Common.Logger.LogService.LogDebug():46 - Executing Action: Register on Controller: Account For User : .
2018-09-29 11:36:00,254 => DEBUG NoidaAuthority.PMS.Common.Logger.LogService.LogDebug():46 - Executed Action: Register on Controller: Account For User : .
2018-09-29 11:36:05,450 => DEBUG NoidaAuthority.PMS.Common.Logger.LogService.LogDebug():46 - Executing Action: GetSecurityQuestionList on Controller: Account For User : .
2018-09-29 11:36:05,451 => DEBUG NoidaAuthority.PMS.Common.Logger.LogService.LogDebug():46 - Executed Action: GetSecurityQuestionList on Controller: Account For User : .
2018-09-29 11:36:05,476 => DEBUG NoidaAuthority.PMS.Common.Logger.LogService.LogDebug():46 - Executing Action: GetMiscellaneousTypeList on Controller: Account For User : .
2018-09-29 11:36:05,477 => DEBUG NoidaAuthority.PMS.Common.Logger.LogService.LogDebug():46 - Executed Action: GetMiscellaneousTypeList on Controller: Account For User : .
2018-09-29 11:36:05,495 => DEBUG NoidaAuthority.PMS.Common.Logger.LogService.LogDebug():46 - Executing Action: GetMiscellaneousTypeList on Controller: Account For User : .
2018-09-29 11:36:05,496 => DEBUG NoidaAuthority.PMS.Common.Logger.LogService.LogDebug():46 - Executed Action: GetMiscellaneousTypeList on Controller: Account For User : .
2018-09-29 11:36:25,270 => DEBUG NoidaAuthority.PMS.Common.Logger.LogService.LogDebug():46 - Executing Action: Register on Controller: Account For User : .
2018-09-29 11:36:25,270 => DEBUG NoidaAuthority.PMS.Common.Logger.LogService.LogDebug():46 - Executed Action: Register on Controller: Account For User : .
2018-09-29 11:36:30,536 => DEBUG NoidaAuthority.PMS.Common.Logger.LogService.LogDebug():46 - Executing Action: GetSecurityQuestionList on Controller: Account For User : .
2018-09-29 11:36:30,537 => DEBUG NoidaAuthority.PMS.Common.Logger.LogService.LogDebug():46 - Executed Action: GetSecurityQuestionList on Controller: Account For User : .
2018-09-29 11:36:30,555 => DEBUG NoidaAuthority.PMS.Common.Logger.LogService.LogDebug():46 - Executing Action: GetMiscellaneousTypeList on Controller: Account For User : .
2018-09-29 11:36:30,556 => DEBUG NoidaAuthority.PMS.Common.Logger.LogService.LogDebug():46 - Executed Action: GetMiscellaneousTypeList on Controller: Account For User : .
2018-09-29 11:36:30,595 => DEBUG NoidaAuthority.PMS.Common.Logger.LogService.LogDebug():46 - Executing Action: GetMiscellaneousTypeList on Controller: Account For User : .
2018-09-29 11:36:30,596 => DEBUG NoidaAuthority.PMS.Common.Logger.LogService.LogDebug():46 - Executed Action: GetMiscellaneousTypeList on Controller: Account For User : .
2018-09-29 11:37:10,408 => DEBUG NoidaAuthority.PMS.Common.Logger.LogService.LogDebug():46 - Executing Action: Register on Controller: Account For User : .
2018-09-29 11:37:10,409 => DEBUG NoidaAuthority.PMS.Common.Logger.LogService.LogDebug():46 - Executed Action: Register on Controller: Account For User : .
2018-09-29 11:37:11,313 => DEBUG NoidaAuthority.PMS.Common.Logger.LogService.LogDebug():46 - Executing Action: GetSecurityQuestionList on Controller: Account For User : .
2018-09-29 11:37:11,314 => DEBUG NoidaAuthority.PMS.Common.Logger.LogService.LogDebug():46 - Executed Action: GetSecurityQuestionList on Controller: Account For User : .
2018-09-29 11:37:11,329 => DEBUG NoidaAuthority.PMS.Common.Logger.LogService.LogDebug():46 - Executing Action: GetMiscellaneousTypeList on Controller: Account For User : .
2018-09-29 11:37:11,330 => DEBUG NoidaAuthority.PMS.Common.Logger.LogService.LogDebug():46 - Executed Action: GetMiscellaneousTypeList on Controller: Account For User : .
2018-09-29 11:37:11,349 => DEBUG NoidaAuthority.PMS.Common.Logger.LogService.LogDebug():46 - Executing Action: GetMiscellaneousTypeList on Controller: Account For User : .
2018-09-29 11:37:11,350 => DEBUG NoidaAuthority.PMS.Common.Logger.LogService.LogDebug():46 - Executed Action: GetMiscellaneousTypeList on Controller: Account For User : .
2018-09-29 11:38:28,817 => DEBUG NoidaAuthority.PMS.Common.Logger.LogService.LogDebug():46 - Executing Action: Register on Controller: Account For User : .
2018-09-29 11:38:28,818 => DEBUG NoidaAuthority.PMS.Common.Logger.LogService.LogDebug():46 - Executed Action: Register on Controller: Account For User : .
2018-09-29 11:38:29,843 => DEBUG NoidaAuthority.PMS.Common.Logger.LogService.LogDebug():46 - Executing Action: GetSecurityQuestionList on Controller: Account For User : .
2018-09-29 11:38:29,845 => DEBUG NoidaAuthority.PMS.Common.Logger.LogService.LogDebug():46 - Executed Action: GetSecurityQuestionList on Controller: Account For User : .
2018-09-29 11:38:29,862 => DEBUG NoidaAuthority.PMS.Common.Logger.LogService.LogDebug():46 - Executing Action: GetMiscellaneousTypeList on Controller: Account For User : .
2018-09-29 11:38:29,863 => DEBUG NoidaAuthority.PMS.Common.Logger.LogService.LogDebug():46 - Executed Action: GetMiscellaneousTypeList on Controller: Account For User : .
2018-09-29 11:38:29,881 => DEBUG NoidaAuthority.PMS.Common.Logger.LogService.LogDebug():46 - Executing Action: GetMiscellaneousTypeList on Controller: Account For User : .
2018-09-29 11:38:29,882 => DEBUG NoidaAuthority.PMS.Common.Logger.LogService.LogDebug():46 - Executed Action: GetMiscellaneousTypeList on Controller: Account For User : .
