2018-09-27 18:12:58,178 => DEBUG NoidaAuthority.PMS.Common.Logger.LogService.LogDebug():46 - Executing Action: Login on Controller: Account For User : .
2018-09-27 18:12:58,561 => DEBUG NoidaAuthority.PMS.Common.Logger.LogService.LogDebug():46 - Executed Action: Login on Controller: Account For User : .
2018-09-27 18:13:29,591 => DEBUG NoidaAuthority.PMS.Common.Logger.LogService.LogDebug():46 - Executing Action: CheckEmailAddress on Controller: Account For User : .
2018-09-27 18:13:36,248 => DEBUG NoidaAuthority.PMS.Common.Logger.LogService.LogDebug():46 - Executed Action: CheckEmailAddress on Controller: Account For User : .
2018-09-27 18:14:06,061 => DEBUG NoidaAuthority.PMS.Common.Logger.LogService.LogDebug():46 - Executing Action: CheckEmailAddress on Controller: Account For User : .
2018-09-27 18:14:06,213 => DEBUG NoidaAuthority.PMS.Common.Logger.LogService.LogDebug():46 - Executed Action: CheckEmailAddress on Controller: Account For User : .
2018-09-27 18:14:12,831 => DEBUG NoidaAuthority.PMS.Common.Logger.LogService.LogDebug():46 - Executing Action: Login on Controller: Account For User : .
2018-09-27 18:14:13,017 => DEBUG NoidaAuthority.PMS.Common.Logger.LogService.LogDebug():46 - Executed Action: Login on Controller: Account For User : .
2018-09-27 18:14:13,564 => DEBUG NoidaAuthority.PMS.Common.Logger.LogService.LogDebug():46 - Executing Action: Login on Controller: Account For User : .
2018-09-27 18:14:15,653 => DEBUG NoidaAuthority.PMS.Common.Logger.LogService.LogDebug():46 - Executed Action: Login on Controller: Account For User : .
2018-09-27 23:43:36,734 => DEBUG NoidaAuthority.PMS.Common.Logger.LogService.LogDebug():46 - Executing Action: Register on Controller: Account For User : .
2018-09-27 23:43:36,806 => DEBUG NoidaAuthority.PMS.Common.Logger.LogService.LogDebug():46 - Executed Action: Register on Controller: Account For User : .
2018-09-27 23:44:52,579 => DEBUG NoidaAuthority.PMS.Common.Logger.LogService.LogDebug():46 - Executing Action: Register on Controller: Account For User : .
2018-09-27 23:44:52,580 => DEBUG NoidaAuthority.PMS.Common.Logger.LogService.LogDebug():46 - Executed Action: Register on Controller: Account For User : .
2018-09-27 23:47:29,877 => DEBUG NoidaAuthority.PMS.Common.Logger.LogService.LogDebug():46 - Executing Action: Register on Controller: Account For User : .
2018-09-27 23:47:29,878 => DEBUG NoidaAuthority.PMS.Common.Logger.LogService.LogDebug():46 - Executed Action: Register on Controller: Account For User : .
2018-09-27 23:48:42,818 => DEBUG NoidaAuthority.PMS.Common.Logger.LogService.LogDebug():46 - Executing Action: Register on Controller: Account For User : .
2018-09-27 23:48:42,819 => DEBUG NoidaAuthority.PMS.Common.Logger.LogService.LogDebug():46 - Executed Action: Register on Controller: Account For User : .
2018-09-27 23:51:23,357 => DEBUG NoidaAuthority.PMS.Common.Logger.LogService.LogDebug():46 - Executing Action: Register on Controller: Account For User : .
2018-09-27 23:51:23,357 => DEBUG NoidaAuthority.PMS.Common.Logger.LogService.LogDebug():46 - Executed Action: Register on Controller: Account For User : .
2018-09-27 23:52:37,386 => DEBUG NoidaAuthority.PMS.Common.Logger.LogService.LogDebug():46 - Executing Action: Register on Controller: Account For User : .
2018-09-27 23:52:37,387 => DEBUG NoidaAuthority.PMS.Common.Logger.LogService.LogDebug():46 - Executed Action: Register on Controller: Account For User : .
2018-09-27 23:54:03,305 => DEBUG NoidaAuthority.PMS.Common.Logger.LogService.LogDebug():46 - Executing Action: Register on Controller: Account For User : .
2018-09-27 23:54:03,306 => DEBUG NoidaAuthority.PMS.Common.Logger.LogService.LogDebug():46 - Executed Action: Register on Controller: Account For User : .
2018-09-27 23:54:39,392 => DEBUG NoidaAuthority.PMS.Common.Logger.LogService.LogDebug():46 - Executing Action: Register on Controller: Account For User : .
2018-09-27 23:54:39,392 => DEBUG NoidaAuthority.PMS.Common.Logger.LogService.LogDebug():46 - Executed Action: Register on Controller: Account For User : .
2018-09-27 23:55:00,960 => DEBUG NoidaAuthority.PMS.Common.Logger.LogService.LogDebug():46 - Executing Action: Register on Controller: Account For User : .
2018-09-27 23:55:00,961 => DEBUG NoidaAuthority.PMS.Common.Logger.LogService.LogDebug():46 - Executed Action: Register on Controller: Account For User : .
2018-09-27 23:55:23,129 => DEBUG NoidaAuthority.PMS.Common.Logger.LogService.LogDebug():46 - Executing Action: Register on Controller: Account For User : .
2018-09-27 23:55:23,130 => DEBUG NoidaAuthority.PMS.Common.Logger.LogService.LogDebug():46 - Executed Action: Register on Controller: Account For User : .
2018-09-27 23:56:42,270 => DEBUG NoidaAuthority.PMS.Common.Logger.LogService.LogDebug():46 - Executing Action: Register on Controller: Account For User : .
2018-09-27 23:56:42,271 => DEBUG NoidaAuthority.PMS.Common.Logger.LogService.LogDebug():46 - Executed Action: Register on Controller: Account For User : .
